<<<<<<< HEAD
12/06/2022 19:48:23 Peer 1001 is started
12/06/2022 19:48:47 Peer 1001 has received a handshake message from 1002
12/06/2022 19:48:47 Peer 1001 is sending HandShake to 1002
12/06/2022 19:48:47 Peer 1001 makes a TCP connection with peer 1002
12/06/2022 19:48:48 Peer 1001 got BITFIELD message from Peer 1002
12/06/2022 19:48:48 Peer 1001 sent a BITFIELD message to Peer 1002
12/06/2022 19:48:49 Peer 1001 got a REQUEST message to Peer 1002
12/06/2022 19:48:49 Peer 1001 got INTERESTED message from Peer 1002
12/06/2022 19:48:49 Peer 1001 sent a CHOKE message to Peer 1002
12/06/2022 19:48:53 Peer 1001 has the optimistically unchoked neighbor 1002
12/06/2022 19:48:53 Peer 1001 is sending UNCHOKE message to Peer 1002
12/06/2022 19:48:53 Peer 1001 is sending HAVE message to Peer 1002
12/06/2022 19:48:53 Peer 1001 got a REQUEST message to Peer 1002
12/06/2022 19:48:53 Peer 1001 got INTERESTED message from Peer 1002
12/06/2022 19:48:53 Peer 1001 sent a UNCHOKE message to Peer 1002
12/06/2022 19:48:59 Peer 1001 is sending bit 0 to Peer 1002
12/06/2022 19:48:59 Peer 1001 is sending bit 1 to Peer 1002
12/06/2022 19:49:00 Peer 1001 is sending bit 2 to Peer 1002
12/06/2022 19:49:00 Peer 1001 is sending bit 3 to Peer 1002
12/06/2022 19:49:01 Peer 1001 is sending bit 4 to Peer 1002
12/06/2022 19:49:01 Peer 1001 is sending bit 5 to Peer 1002
12/06/2022 19:49:02 Peer 1001 is sending bit 6 to Peer 1002
12/06/2022 19:49:02 Peer 1001 is sending bit 7 to Peer 1002
12/06/2022 19:49:03 Peer 1001 is sending bit 8 to Peer 1002
12/06/2022 19:49:03 Peer 1001 is sending bit 9 to Peer 1002
12/06/2022 19:49:03 Peer 1001 sent a CHOKE message to Peer 1002
12/06/2022 19:49:08 Peer 1001 is sending UNCHOKE message to Peer 1002
12/06/2022 19:49:08 Peer 1001 is sending HAVE message to Peer 1002
12/06/2022 19:49:08 Peer 1001 got a REQUEST message to Peer 1002
12/06/2022 19:49:08 Peer 1001 got INTERESTED message from Peer 1002
12/06/2022 19:49:08 Peer 1001 sent a CHOKE message to Peer 1002
12/06/2022 19:49:13 Peer 1001 has the optimistically unchoked neighbor 1002
12/06/2022 19:49:13 Peer 1001 is sending UNCHOKE message to Peer 1002
12/06/2022 19:49:13 Peer 1001 is sending HAVE message to Peer 1002
12/06/2022 19:49:13 Peer 1001 got a REQUEST message to Peer 1002
12/06/2022 19:49:13 Peer 1001 got INTERESTED message from Peer 1002
12/06/2022 19:49:13 Peer 1001 sent a UNCHOKE message to Peer 1002
12/06/2022 19:49:19 Peer 1001 is sending bit 9 to Peer 1002
12/06/2022 19:49:19 Peer 1001 is sending bit 10 to Peer 1002
12/06/2022 19:49:20 Peer 1001 is sending bit 11 to Peer 1002
12/06/2022 19:49:20 Peer 1001 is sending bit 12 to Peer 1002
12/06/2022 19:49:21 Peer 1001 is sending bit 13 to Peer 1002
12/06/2022 19:49:21 Peer 1001 is sending bit 14 to Peer 1002
12/06/2022 19:49:22 Peer 1001 is sending bit 15 to Peer 1002
12/06/2022 19:49:22 Peer 1001 is sending bit 16 to Peer 1002
12/06/2022 19:49:23 Peer 1001 is sending bit 17 to Peer 1002
12/06/2022 19:49:23 Peer 1001 is sending bit 18 to Peer 1002
12/06/2022 19:49:23 Peer 1001 sent a CHOKE message to Peer 1002
12/06/2022 19:49:28 Peer 1001 is sending UNCHOKE message to Peer 1002
12/06/2022 19:49:28 Peer 1001 is sending HAVE message to Peer 1002
12/06/2022 19:49:28 Peer 1001 got a REQUEST message to Peer 1002
12/06/2022 19:49:28 Peer 1001 got INTERESTED message from Peer 1002
12/06/2022 19:49:28 Peer 1001 sent a CHOKE message to Peer 1002
12/06/2022 19:49:33 Peer 1001 has the optimistically unchoked neighbor 1002
12/06/2022 19:49:33 Peer 1001 is sending UNCHOKE message to Peer 1002
12/06/2022 19:49:33 Peer 1001 is sending HAVE message to Peer 1002
12/06/2022 19:49:33 Peer 1001 got a REQUEST message to Peer 1002
12/06/2022 19:49:33 Peer 1001 got INTERESTED message from Peer 1002
12/06/2022 19:49:33 Peer 1001 sent a UNCHOKE message to Peer 1002
12/06/2022 19:49:39 Peer 1001 is sending bit 18 to Peer 1002
12/06/2022 19:49:39 Peer 1001 is sending bit 19 to Peer 1002
12/06/2022 19:49:40 Peer 1001 is sending bit 20 to Peer 1002
12/06/2022 19:49:40 Peer 1001 is sending bit 21 to Peer 1002
12/06/2022 19:49:41 Peer 1001 is sending bit 22 to Peer 1002
12/06/2022 19:49:41 Peer 1001 is sending bit 23 to Peer 1002
12/06/2022 19:49:42 Peer 1001 is sending bit 24 to Peer 1002
12/06/2022 19:49:42 Peer 1001 is sending bit 25 to Peer 1002
12/06/2022 19:49:43 Peer 1001 is sending bit 26 to Peer 1002
12/06/2022 19:49:43 Peer 1001 sent a CHOKE message to Peer 1002
12/06/2022 19:49:48 Peer 1001 is sending UNCHOKE message to Peer 1002
12/06/2022 19:49:48 Peer 1001 is sending HAVE message to Peer 1002
12/06/2022 19:49:48 Peer 1001 got a REQUEST message to Peer 1002
12/06/2022 19:49:48 Peer 1001 got INTERESTED message from Peer 1002
12/06/2022 19:49:48 Peer 1001 sent a CHOKE message to Peer 1002
12/06/2022 19:49:53 Peer 1001 has the optimistically unchoked neighbor 1002
12/06/2022 19:49:53 Peer 1001 is sending UNCHOKE message to Peer 1002
12/06/2022 19:49:53 Peer 1001 is sending HAVE message to Peer 1002
12/06/2022 19:49:53 Peer 1001 got a REQUEST message to Peer 1002
12/06/2022 19:49:53 Peer 1001 got INTERESTED message from Peer 1002
12/06/2022 19:49:53 Peer 1001 sent a UNCHOKE message to Peer 1002
12/06/2022 19:49:59 Peer 1001 is sending bit 26 to Peer 1002
12/06/2022 19:49:59 Peer 1001 is sending bit 27 to Peer 1002
12/06/2022 19:50:00 Peer 1001 is sending bit 28 to Peer 1002
12/06/2022 19:50:00 Peer 1001 is sending bit 29 to Peer 1002
12/06/2022 19:50:01 Peer 1001 is sending bit 30 to Peer 1002
12/06/2022 19:50:01 Peer 1001 is sending bit 31 to Peer 1002
12/06/2022 19:50:02 Peer 1001 is sending bit 32 to Peer 1002
12/06/2022 19:50:02 Peer 1001 is sending bit 33 to Peer 1002
12/06/2022 19:50:03 Peer 1001 is sending bit 34 to Peer 1002
12/06/2022 19:50:03 Peer 1001 is sending bit 35 to Peer 1002
12/06/2022 19:50:03 Peer 1001 sent a CHOKE message to Peer 1002
12/06/2022 19:50:08 Peer 1001 is sending UNCHOKE message to Peer 1002
12/06/2022 19:50:08 Peer 1001 is sending HAVE message to Peer 1002
12/06/2022 19:50:08 Peer 1001 got a REQUEST message to Peer 1002
12/06/2022 19:50:08 Peer 1001 got INTERESTED message from Peer 1002
12/06/2022 19:50:08 Peer 1001 sent a CHOKE message to Peer 1002
12/06/2022 19:50:13 Peer 1001 has the optimistically unchoked neighbor 1002
12/06/2022 19:50:13 Peer 1001 is sending UNCHOKE message to Peer 1002
12/06/2022 19:50:13 Peer 1001 is sending HAVE message to Peer 1002
12/06/2022 19:50:13 Peer 1001 got a REQUEST message to Peer 1002
12/06/2022 19:50:13 Peer 1001 got INTERESTED message from Peer 1002
12/06/2022 19:50:13 Peer 1001 sent a UNCHOKE message to Peer 1002
12/06/2022 19:50:19 Peer 1001 is sending bit 35 to Peer 1002
12/06/2022 19:50:19 Peer 1001 is sending bit 36 to Peer 1002
12/06/2022 19:50:20 Peer 1001 is sending bit 37 to Peer 1002
12/06/2022 19:50:20 Peer 1001 is sending bit 38 to Peer 1002
12/06/2022 19:50:21 Peer 1001 is sending bit 39 to Peer 1002
12/06/2022 19:50:21 Peer 1001 is sending bit 40 to Peer 1002
12/06/2022 19:50:22 Peer 1001 is sending bit 41 to Peer 1002
12/06/2022 19:50:22 Peer 1001 is sending bit 42 to Peer 1002
12/06/2022 19:50:23 Peer 1001 is sending bit 43 to Peer 1002
12/06/2022 19:50:23 Peer 1001 is sending bit 44 to Peer 1002
12/06/2022 19:50:23 Peer 1001 sent a CHOKE message to Peer 1002
12/06/2022 19:50:28 Peer 1001 is sending UNCHOKE message to Peer 1002
12/06/2022 19:50:28 Peer 1001 is sending HAVE message to Peer 1002
12/06/2022 19:50:28 Peer 1001 got a REQUEST message to Peer 1002
12/06/2022 19:50:28 Peer 1001 got INTERESTED message from Peer 1002
12/06/2022 19:50:28 Peer 1001 sent a CHOKE message to Peer 1002
12/06/2022 19:50:33 Peer 1001 has the optimistically unchoked neighbor 1002
12/06/2022 19:50:33 Peer 1001 is sending UNCHOKE message to Peer 1002
12/06/2022 19:50:33 Peer 1001 is sending HAVE message to Peer 1002
12/06/2022 19:50:33 Peer 1001 got a REQUEST message to Peer 1002
12/06/2022 19:50:33 Peer 1001 got INTERESTED message from Peer 1002
12/06/2022 19:50:33 Peer 1001 sent a UNCHOKE message to Peer 1002
12/06/2022 19:50:39 Peer 1001 is sending bit 44 to Peer 1002
12/06/2022 19:50:39 Peer 1001 is sending bit 45 to Peer 1002
12/06/2022 19:50:40 Peer 1001 is sending bit 46 to Peer 1002
12/06/2022 19:50:40 Peer 1001 is sending bit 47 to Peer 1002
12/06/2022 19:50:41 Peer 1001 is sending bit 48 to Peer 1002
12/06/2022 19:50:41 Peer 1001 is sending bit 49 to Peer 1002
12/06/2022 19:50:42 Peer 1001 is sending bit 50 to Peer 1002
12/06/2022 19:50:42 Peer 1001 is sending bit 51 to Peer 1002
12/06/2022 19:50:43 Peer 1001 is sending bit 52 to Peer 1002
12/06/2022 19:50:43 Peer 1001 sent a CHOKE message to Peer 1002
12/06/2022 19:50:48 Peer 1001 is sending UNCHOKE message to Peer 1002
12/06/2022 19:50:48 Peer 1001 is sending HAVE message to Peer 1002
12/06/2022 19:50:49 Peer 1001 got a REQUEST message to Peer 1002
12/06/2022 19:50:49 Peer 1001 got INTERESTED message from Peer 1002
12/06/2022 19:50:49 Peer 1001 sent a CHOKE message to Peer 1002
12/06/2022 19:50:53 Peer 1001 has the optimistically unchoked neighbor 1002
12/06/2022 19:50:53 Peer 1001 is sending UNCHOKE message to Peer 1002
12/06/2022 19:50:53 Peer 1001 is sending HAVE message to Peer 1002
12/06/2022 19:50:53 Peer 1001 got a REQUEST message to Peer 1002
12/06/2022 19:50:53 Peer 1001 got INTERESTED message from Peer 1002
12/06/2022 19:50:53 Peer 1001 sent a UNCHOKE message to Peer 1002
12/06/2022 19:50:59 Peer 1001 is sending bit 52 to Peer 1002
12/06/2022 19:50:59 Peer 1001 is sending bit 53 to Peer 1002
12/06/2022 19:51:00 Peer 1001 is sending bit 54 to Peer 1002
12/06/2022 19:51:00 Peer 1001 is sending bit 55 to Peer 1002
12/06/2022 19:51:01 Peer 1001 is sending bit 56 to Peer 1002
12/06/2022 19:51:01 Peer 1001 is sending bit 57 to Peer 1002
12/06/2022 19:51:02 Peer 1001 is sending bit 58 to Peer 1002
12/06/2022 19:51:02 Peer 1001 is sending bit 59 to Peer 1002
12/06/2022 19:51:03 Peer 1001 is sending bit 60 to Peer 1002
12/06/2022 19:51:03 Peer 1001 is sending bit 61 to Peer 1002
12/06/2022 19:51:03 Peer 1001 sent a CHOKE message to Peer 1002
12/06/2022 19:51:08 Peer 1001 is sending UNCHOKE message to Peer 1002
12/06/2022 19:51:08 Peer 1001 is sending HAVE message to Peer 1002
12/06/2022 19:51:08 Peer 1001 got a REQUEST message to Peer 1002
12/06/2022 19:51:08 Peer 1001 got INTERESTED message from Peer 1002
12/06/2022 19:51:08 Peer 1001 sent a CHOKE message to Peer 1002
12/06/2022 19:51:13 Peer 1001 has the optimistically unchoked neighbor 1002
12/06/2022 19:51:13 Peer 1001 is sending UNCHOKE message to Peer 1002
12/06/2022 19:51:13 Peer 1001 is sending HAVE message to Peer 1002
12/06/2022 19:51:13 Peer 1001 got a REQUEST message to Peer 1002
12/06/2022 19:51:13 Peer 1001 got INTERESTED message from Peer 1002
12/06/2022 19:51:13 Peer 1001 sent a UNCHOKE message to Peer 1002
12/06/2022 19:51:19 Peer 1001 is sending bit 61 to Peer 1002
12/06/2022 19:51:19 Peer 1001 is sending bit 62 to Peer 1002
12/06/2022 19:51:20 Peer 1001 is sending bit 63 to Peer 1002
12/06/2022 19:51:20 Peer 1001 is sending bit 64 to Peer 1002
12/06/2022 19:51:21 Peer 1001 is sending bit 65 to Peer 1002
12/06/2022 19:51:21 Peer 1001 is sending bit 66 to Peer 1002
12/06/2022 19:51:23 Peer All peers have completed downloading the file.
12/06/2022 19:51:25 Peer 1001 Peer is terimating.
=======
12/06/2022 21:47:55 Peer 1001 is started
12/06/2022 21:48:29 Peer 1001 has received a handshake message from 1002
12/06/2022 21:48:29 Peer 1001 is sending HandShake to 1002
12/06/2022 21:48:29 Peer 1001 makes a TCP connection with peer 1002
12/06/2022 21:48:29 Peer 1001 got BITFIELD message from Peer 1002
12/06/2022 21:48:29 Peer 1001 sent a BITFIELD message to Peer 1002
12/06/2022 21:48:30 Peer 1001 got a REQUEST message to Peer 1002
12/06/2022 21:48:30 Peer 1001 got INTERESTED message from Peer 1002
12/06/2022 21:48:30 Peer 1001 sent a CHOKE message to Peer 1002
12/06/2022 21:48:30 Peer 1001 is sending UNCHOKE message to Peer 1002
12/06/2022 21:48:30 Peer 1001 is sending HAVE message to Peer 1002
12/06/2022 21:48:30 Peer 1001 got a REQUEST message to Peer 1002
12/06/2022 21:48:30 Peer 1001 got INTERESTED message from Peer 1002
12/06/2022 21:48:30 Peer 1001 sent a CHOKE message to Peer 1002
12/06/2022 21:48:35 Peer 1001 has the optimistically unchoked neighbor 1002
12/06/2022 21:48:35 Peer 1001 is sending UNCHOKE message to Peer 1002
12/06/2022 21:48:35 Peer 1001 is sending HAVE message to Peer 1002
12/06/2022 21:48:35 Peer 1001 got a REQUEST message to Peer 1002
12/06/2022 21:48:35 Peer 1001 got INTERESTED message from Peer 1002
12/06/2022 21:48:35 Peer 1001 sent a UNCHOKE message to Peer 1002
12/06/2022 21:48:41 Peer 1001 is sending bit 0 to Peer 1002
12/06/2022 21:48:41 Peer 1001 is sending bit 1 to Peer 1002
12/06/2022 21:48:42 Peer 1001 is sending bit 2 to Peer 1002
12/06/2022 21:48:42 Peer 1001 is sending bit 3 to Peer 1002
12/06/2022 21:48:43 Peer 1001 is sending bit 4 to Peer 1002
12/06/2022 21:48:43 Peer 1001 is sending bit 5 to Peer 1002
12/06/2022 21:48:44 Peer 1001 is sending bit 6 to Peer 1002
12/06/2022 21:48:44 Peer 1001 is sending bit 7 to Peer 1002
12/06/2022 21:48:45 Peer 1001 is sending bit 8 to Peer 1002
12/06/2022 21:48:45 Peer 1001 is sending bit 9 to Peer 1002
12/06/2022 21:48:45 Peer 1001 sent a CHOKE message to Peer 1002
12/06/2022 21:48:50 Peer 1001 is sending UNCHOKE message to Peer 1002
12/06/2022 21:48:50 Peer 1001 is sending HAVE message to Peer 1002
12/06/2022 21:48:51 Peer 1001 got a REQUEST message to Peer 1002
12/06/2022 21:48:51 Peer 1001 got INTERESTED message from Peer 1002
12/06/2022 21:48:51 Peer 1001 sent a CHOKE message to Peer 1002
12/06/2022 21:48:55 Peer 1001 has the optimistically unchoked neighbor 1002
12/06/2022 21:48:55 Peer 1001 is sending UNCHOKE message to Peer 1002
12/06/2022 21:48:55 Peer 1001 is sending HAVE message to Peer 1002
12/06/2022 21:48:56 Peer 1001 got a REQUEST message to Peer 1002
12/06/2022 21:48:56 Peer 1001 got INTERESTED message from Peer 1002
12/06/2022 21:48:56 Peer 1001 sent a UNCHOKE message to Peer 1002
12/06/2022 21:49:01 Peer 1001 is sending bit 9 to Peer 1002
12/06/2022 21:49:02 Peer 1001 is sending bit 10 to Peer 1002
12/06/2022 21:49:02 Peer 1001 is sending bit 11 to Peer 1002
12/06/2022 21:49:03 Peer 1001 is sending bit 12 to Peer 1002
12/06/2022 21:49:03 Peer 1001 is sending bit 13 to Peer 1002
12/06/2022 21:49:04 Peer 1001 is sending bit 14 to Peer 1002
12/06/2022 21:49:04 Peer 1001 is sending bit 15 to Peer 1002
12/06/2022 21:49:05 Peer 1001 is sending bit 16 to Peer 1002
12/06/2022 21:49:05 Peer 1001 is sending bit 17 to Peer 1002
12/06/2022 21:49:05 Peer 1001 sent a CHOKE message to Peer 1002
12/06/2022 21:49:10 Peer 1001 is sending UNCHOKE message to Peer 1002
12/06/2022 21:49:10 Peer 1001 is sending HAVE message to Peer 1002
12/06/2022 21:49:11 Peer 1001 got a REQUEST message to Peer 1002
12/06/2022 21:49:11 Peer 1001 got INTERESTED message from Peer 1002
12/06/2022 21:49:11 Peer 1001 sent a CHOKE message to Peer 1002
12/06/2022 21:49:15 Peer 1001 has the optimistically unchoked neighbor 1002
12/06/2022 21:49:15 Peer 1001 is sending UNCHOKE message to Peer 1002
12/06/2022 21:49:15 Peer 1001 is sending HAVE message to Peer 1002
12/06/2022 21:49:15 Peer 1001 got a REQUEST message to Peer 1002
12/06/2022 21:49:15 Peer 1001 got INTERESTED message from Peer 1002
12/06/2022 21:49:15 Peer 1001 sent a UNCHOKE message to Peer 1002
12/06/2022 21:49:21 Peer 1001 is sending bit 17 to Peer 1002
12/06/2022 21:49:21 Peer 1001 is sending bit 18 to Peer 1002
12/06/2022 21:49:22 Peer 1001 is sending bit 19 to Peer 1002
12/06/2022 21:49:22 Peer 1001 is sending bit 20 to Peer 1002
12/06/2022 21:49:23 Peer 1001 is sending bit 21 to Peer 1002
12/06/2022 21:49:23 Peer 1001 is sending bit 22 to Peer 1002
12/06/2022 21:49:24 Peer 1001 is sending bit 23 to Peer 1002
12/06/2022 21:49:24 Peer 1001 is sending bit 24 to Peer 1002
12/06/2022 21:49:25 Peer 1001 is sending bit 25 to Peer 1002
12/06/2022 21:49:25 Peer 1001 is sending bit 26 to Peer 1002
12/06/2022 21:49:25 Peer 1001 sent a CHOKE message to Peer 1002
12/06/2022 21:49:30 Peer 1001 is sending UNCHOKE message to Peer 1002
12/06/2022 21:49:30 Peer 1001 is sending HAVE message to Peer 1002
12/06/2022 21:49:30 Peer 1001 got a REQUEST message to Peer 1002
12/06/2022 21:49:30 Peer 1001 got INTERESTED message from Peer 1002
12/06/2022 21:49:30 Peer 1001 sent a CHOKE message to Peer 1002
12/06/2022 21:49:35 Peer 1001 has the optimistically unchoked neighbor 1002
12/06/2022 21:49:35 Peer 1001 is sending UNCHOKE message to Peer 1002
12/06/2022 21:49:35 Peer 1001 is sending HAVE message to Peer 1002
12/06/2022 21:49:35 Peer 1001 got a REQUEST message to Peer 1002
12/06/2022 21:49:35 Peer 1001 got INTERESTED message from Peer 1002
12/06/2022 21:49:35 Peer 1001 sent a UNCHOKE message to Peer 1002
12/06/2022 21:49:41 Peer 1001 is sending bit 26 to Peer 1002
12/06/2022 21:49:41 Peer 1001 is sending bit 27 to Peer 1002
12/06/2022 21:49:42 Peer 1001 is sending bit 28 to Peer 1002
12/06/2022 21:49:42 Peer 1001 is sending bit 29 to Peer 1002
12/06/2022 21:49:43 Peer 1001 is sending bit 30 to Peer 1002
12/06/2022 21:49:43 Peer 1001 is sending bit 31 to Peer 1002
12/06/2022 21:49:44 Peer 1001 is sending bit 32 to Peer 1002
12/06/2022 21:49:44 Peer 1001 is sending bit 33 to Peer 1002
12/06/2022 21:49:45 Peer 1001 is sending bit 34 to Peer 1002
12/06/2022 21:49:45 Peer 1001 is sending bit 35 to Peer 1002
12/06/2022 21:49:45 Peer 1001 sent a CHOKE message to Peer 1002
12/06/2022 21:49:50 Peer 1001 is sending UNCHOKE message to Peer 1002
12/06/2022 21:49:50 Peer 1001 is sending HAVE message to Peer 1002
12/06/2022 21:49:51 Peer 1001 got a REQUEST message to Peer 1002
12/06/2022 21:49:51 Peer 1001 got INTERESTED message from Peer 1002
12/06/2022 21:49:51 Peer 1001 sent a CHOKE message to Peer 1002
12/06/2022 21:49:55 Peer 1001 has the optimistically unchoked neighbor 1002
12/06/2022 21:49:55 Peer 1001 is sending UNCHOKE message to Peer 1002
12/06/2022 21:49:55 Peer 1001 is sending HAVE message to Peer 1002
12/06/2022 21:49:56 Peer 1001 got a REQUEST message to Peer 1002
12/06/2022 21:49:56 Peer 1001 got INTERESTED message from Peer 1002
12/06/2022 21:49:56 Peer 1001 sent a UNCHOKE message to Peer 1002
12/06/2022 21:50:01 Peer 1001 is sending bit 35 to Peer 1002
12/06/2022 21:50:02 Peer 1001 is sending bit 36 to Peer 1002
12/06/2022 21:50:02 Peer 1001 is sending bit 37 to Peer 1002
12/06/2022 21:50:03 Peer 1001 is sending bit 38 to Peer 1002
12/06/2022 21:50:03 Peer 1001 is sending bit 39 to Peer 1002
12/06/2022 21:50:04 Peer 1001 is sending bit 40 to Peer 1002
12/06/2022 21:50:04 Peer 1001 is sending bit 41 to Peer 1002
12/06/2022 21:50:05 Peer 1001 is sending bit 42 to Peer 1002
12/06/2022 21:50:05 Peer 1001 is sending bit 43 to Peer 1002
12/06/2022 21:50:05 Peer 1001 sent a CHOKE message to Peer 1002
12/06/2022 21:50:10 Peer 1001 is sending UNCHOKE message to Peer 1002
12/06/2022 21:50:10 Peer 1001 is sending HAVE message to Peer 1002
12/06/2022 21:50:11 Peer 1001 got a REQUEST message to Peer 1002
12/06/2022 21:50:11 Peer 1001 got INTERESTED message from Peer 1002
12/06/2022 21:50:11 Peer 1001 sent a CHOKE message to Peer 1002
12/06/2022 21:50:15 Peer 1001 has the optimistically unchoked neighbor 1002
12/06/2022 21:50:15 Peer 1001 is sending UNCHOKE message to Peer 1002
12/06/2022 21:50:15 Peer 1001 is sending HAVE message to Peer 1002
12/06/2022 21:50:16 Peer 1001 got a REQUEST message to Peer 1002
12/06/2022 21:50:16 Peer 1001 got INTERESTED message from Peer 1002
12/06/2022 21:50:16 Peer 1001 sent a UNCHOKE message to Peer 1002
12/06/2022 21:50:21 Peer 1001 is sending bit 43 to Peer 1002
12/06/2022 21:50:22 Peer 1001 is sending bit 44 to Peer 1002
12/06/2022 21:50:22 Peer 1001 is sending bit 45 to Peer 1002
12/06/2022 21:50:23 Peer 1001 is sending bit 46 to Peer 1002
12/06/2022 21:50:23 Peer 1001 is sending bit 47 to Peer 1002
12/06/2022 21:50:24 Peer 1001 is sending bit 48 to Peer 1002
12/06/2022 21:50:24 Peer 1001 is sending bit 49 to Peer 1002
12/06/2022 21:50:25 Peer 1001 is sending bit 50 to Peer 1002
12/06/2022 21:50:25 Peer 1001 is sending bit 51 to Peer 1002
12/06/2022 21:50:25 Peer 1001 sent a CHOKE message to Peer 1002
12/06/2022 21:50:30 Peer 1001 is sending UNCHOKE message to Peer 1002
12/06/2022 21:50:30 Peer 1001 is sending HAVE message to Peer 1002
12/06/2022 21:50:30 Peer 1001 got a REQUEST message to Peer 1002
12/06/2022 21:50:30 Peer 1001 got INTERESTED message from Peer 1002
12/06/2022 21:50:30 Peer 1001 sent a CHOKE message to Peer 1002
12/06/2022 21:50:35 Peer 1001 has the optimistically unchoked neighbor 1002
12/06/2022 21:50:35 Peer 1001 is sending UNCHOKE message to Peer 1002
12/06/2022 21:50:35 Peer 1001 is sending HAVE message to Peer 1002
12/06/2022 21:50:35 Peer 1001 got a REQUEST message to Peer 1002
12/06/2022 21:50:35 Peer 1001 got INTERESTED message from Peer 1002
12/06/2022 21:50:35 Peer 1001 sent a UNCHOKE message to Peer 1002
12/06/2022 21:50:41 Peer 1001 is sending bit 51 to Peer 1002
12/06/2022 21:50:41 Peer 1001 is sending bit 52 to Peer 1002
12/06/2022 21:50:42 Peer 1001 is sending bit 53 to Peer 1002
12/06/2022 21:50:42 Peer 1001 is sending bit 54 to Peer 1002
12/06/2022 21:50:43 Peer 1001 is sending bit 55 to Peer 1002
12/06/2022 21:50:43 Peer 1001 is sending bit 56 to Peer 1002
12/06/2022 21:50:44 Peer 1001 is sending bit 57 to Peer 1002
12/06/2022 21:50:44 Peer 1001 is sending bit 58 to Peer 1002
12/06/2022 21:50:45 Peer 1001 is sending bit 59 to Peer 1002
12/06/2022 21:50:45 Peer 1001 is sending bit 60 to Peer 1002
12/06/2022 21:50:45 Peer 1001 sent a CHOKE message to Peer 1002
12/06/2022 21:50:50 Peer 1001 is sending UNCHOKE message to Peer 1002
12/06/2022 21:50:50 Peer 1001 is sending HAVE message to Peer 1002
12/06/2022 21:50:51 Peer 1001 got a REQUEST message to Peer 1002
12/06/2022 21:50:51 Peer 1001 got INTERESTED message from Peer 1002
12/06/2022 21:50:51 Peer 1001 sent a CHOKE message to Peer 1002
12/06/2022 21:50:55 Peer 1001 has the optimistically unchoked neighbor 1002
12/06/2022 21:50:55 Peer 1001 is sending UNCHOKE message to Peer 1002
12/06/2022 21:50:55 Peer 1001 is sending HAVE message to Peer 1002
12/06/2022 21:50:56 Peer 1001 got a REQUEST message to Peer 1002
12/06/2022 21:50:56 Peer 1001 got INTERESTED message from Peer 1002
12/06/2022 21:50:56 Peer 1001 sent a UNCHOKE message to Peer 1002
12/06/2022 21:51:01 Peer 1001 is sending bit 60 to Peer 1002
12/06/2022 21:51:02 Peer 1001 is sending bit 61 to Peer 1002
12/06/2022 21:51:02 Peer 1001 is sending bit 62 to Peer 1002
12/06/2022 21:51:03 Peer 1001 is sending bit 63 to Peer 1002
12/06/2022 21:51:03 Peer 1001 is sending bit 64 to Peer 1002
12/06/2022 21:51:04 Peer 1001 is sending bit 65 to Peer 1002
12/06/2022 21:51:04 Peer 1001 is sending bit 66 to Peer 1002
12/06/2022 21:51:05 Peer All peers have completed downloading the file.
12/06/2022 21:51:07 Peer 1001 Peer is terimating.
>>>>>>> c086a9c (Modified Files(Venkat))
