12/06/2022 18:41:09 Peer 1003 is started
12/06/2022 18:41:14 Peer 1003 has received a handshake message from 1001
12/06/2022 18:41:14 Peer 1003 has received a handshake message from 1002
12/06/2022 18:41:14 Peer 1003 is sending HandShake to 1002
12/06/2022 18:41:14 Peer 1003 is sending HandShake to 1001
12/06/2022 18:41:15 Peer 1003 sent a REQUEST message to Peer 1001
12/06/2022 18:41:15 Peer 1003 sent a INTERESTED message to Peer 1001
12/06/2022 18:41:15 Peer 1003 got CHOKED by Peer 1001
12/06/2022 18:41:18 Peer 1003 sent a REQUEST message to Peer 1001
12/06/2022 18:41:18 Peer 1003 sent a INTERESTED message to Peer 1001
12/06/2022 18:41:18 Peer 1003 got HAVE message from Peer 1001
12/06/2022 18:41:18 Peer 1003 sent a REQUEST message to Peer 1001
12/06/2022 18:41:18 Peer 1003 sent a INTERESTED message to Peer 1001
12/06/2022 18:41:18 Peer 1003 got CHOKED by Peer 1001
12/06/2022 18:41:19 Peer 1003 sent a REQUEST message to Peer 1002
12/06/2022 18:41:19 Peer 1003 sent a INTERESTED message to Peer 1002
12/06/2022 18:41:19 Peer 1003 got CHOKED by Peer 1002
12/06/2022 18:41:23 Peer 1003 sent a REQUEST message to Peer 1001
12/06/2022 18:41:23 Peer 1003 sent a INTERESTED message to Peer 1001
12/06/2022 18:41:23 Peer 1003 got HAVE message from Peer 1001
12/06/2022 18:41:23 Peer 1003 sent a REQUEST message to Peer 1001
12/06/2022 18:41:23 Peer 1003 sent a INTERESTED message to Peer 1001
12/06/2022 18:41:23 Peer 1003 sent a REQUEST message to Peer 1002
12/06/2022 18:41:23 Peer 1003 sent a INTERESTED message to Peer 1002
12/06/2022 18:41:23 Peer 1003 got HAVE message from Peer 1002
12/06/2022 18:41:23 Peer 1003 sent a REQUEST message to Peer 1002
12/06/2022 18:41:23 Peer 1003 sent a INTERESTED message to Peer 1002
12/06/2022 18:41:23 Peer 1003 got CHOKED by Peer 1001
12/06/2022 18:41:28 Peer 1003 got UNCHOKED by Peer 1001
12/06/2022 18:41:28 Peer 1003 got HAVE message from Peer 1002
12/06/2022 18:41:28 Peer 1003 sent a REQUEST message to Peer 1002
12/06/2022 18:41:28 Peer 1003 sent a INTERESTED message to Peer 1002
12/06/2022 18:41:28 Peer 1003 got HAVE message from Peer 1002
12/06/2022 18:41:28 Peer 1003 sent a REQUEST message to Peer 1002
12/06/2022 18:41:28 Peer 1003 sent a INTERESTED message to Peer 1002
12/06/2022 18:41:28 Peer 1003 got HAVE message from Peer 1002
12/06/2022 18:41:28 Peer 1003 sent a REQUEST message to Peer 1002
12/06/2022 18:41:28 Peer 1003 sent a INTERESTED message to Peer 1002
12/06/2022 18:41:29 Peer 1003 got CHOKED by Peer 1002
12/06/2022 18:41:34 Peer 1003 got UNCHOKED by Peer 1002
12/06/2022 18:41:34 Peer 1003 Peer has downloaded the bit 0 from peer 1001. It now contains 1 bits
12/06/2022 18:41:34 Peer 1003 got CHOKED by Peer 1001
12/06/2022 18:41:38 Peer 1003 sent a REQUEST message to Peer 1001
12/06/2022 18:41:38 Peer 1003 sent a INTERESTED message to Peer 1001
12/06/2022 18:41:38 Peer 1003 got HAVE message from Peer 1001
12/06/2022 18:41:38 Peer 1003 sent a REQUEST message to Peer 1001
12/06/2022 18:41:38 Peer 1003 sent a INTERESTED message to Peer 1001
12/06/2022 18:41:38 Peer 1002 This bit already exists
12/06/2022 18:41:38 Peer 1003 got CHOKED by Peer 1001
12/06/2022 18:41:39 Peer 1003 got HAVE message from Peer 1002
12/06/2022 18:41:39 Peer 1003 sent a REQUEST message to Peer 1002
12/06/2022 18:41:39 Peer 1003 sent a INTERESTED message to Peer 1002
12/06/2022 18:41:39 Peer 1003 got CHOKED by Peer 1002
12/06/2022 18:41:43 Peer 1003 sent a REQUEST message to Peer 1001
12/06/2022 18:41:43 Peer 1003 sent a INTERESTED message to Peer 1001
12/06/2022 18:41:43 Peer 1003 got HAVE message from Peer 1001
12/06/2022 18:41:43 Peer 1003 sent a REQUEST message to Peer 1001
12/06/2022 18:41:43 Peer 1003 sent a INTERESTED message to Peer 1001
12/06/2022 18:41:43 Peer 1003 sent a REQUEST message to Peer 1002
12/06/2022 18:41:43 Peer 1003 sent a INTERESTED message to Peer 1002
12/06/2022 18:41:43 Peer 1003 got HAVE message from Peer 1002
12/06/2022 18:41:43 Peer 1003 sent a REQUEST message to Peer 1002
12/06/2022 18:41:43 Peer 1003 sent a INTERESTED message to Peer 1002
12/06/2022 18:41:43 Peer 1003 got CHOKED by Peer 1001
12/06/2022 18:41:46 Peer 1003 has received a handshake message from 1004
12/06/2022 18:41:46 Peer 1003 is sending HandShake to 1004
12/06/2022 18:41:46 Peer 1003 makes a TCP connection with peer 1004
12/06/2022 18:41:48 Peer 1003 got UNCHOKED by Peer 1001
12/06/2022 18:41:48 Peer 1003 got HAVE message from Peer 1002
12/06/2022 18:41:48 Peer 1003 sent a REQUEST message to Peer 1002
12/06/2022 18:41:48 Peer 1003 sent a INTERESTED message to Peer 1002
12/06/2022 18:41:48 Peer 1003 got BITFIELD message from Peer 1004
12/06/2022 18:41:48 Peer 1003 sent a BITFIELD message to Peer 1004
12/06/2022 18:41:48 Peer 1003 got HAVE message from Peer 1002
12/06/2022 18:41:48 Peer 1003 sent a REQUEST message to Peer 1002
12/06/2022 18:41:48 Peer 1003 sent a INTERESTED message to Peer 1002
12/06/2022 18:41:48 Peer 1003 got HAVE message from Peer 1002
12/06/2022 18:41:48 Peer 1003 sent a REQUEST message to Peer 1002
12/06/2022 18:41:48 Peer 1003 sent a INTERESTED message to Peer 1002
12/06/2022 18:41:49 Peer 1003 got CHOKED by Peer 1002
12/06/2022 18:41:49 Peer 1003 got a REQUEST message to Peer 1004
12/06/2022 18:41:49 Peer 1003 got INTERESTED message from Peer 1004
12/06/2022 18:41:49 Peer 1003 sent a CHOKE message to Peer 1004
12/06/2022 18:41:49 Peer 1003 Peer has downloaded the bit 1 from peer 1001. It now contains 2 bits
12/06/2022 18:41:49 Peer 1003 is sending UNCHOKE message to Peer 1004
12/06/2022 18:41:49 Peer 1003 is sending HAVE message to Peer 1004
12/06/2022 18:41:49 Peer 1003 Peer has downloaded the bit 2 from peer 1001. It now contains 3 bits
12/06/2022 18:41:49 Peer 1003 sent a HAVE message to Peer 1004
12/06/2022 18:41:50 Peer 1003 Peer has downloaded the bit 3 from peer 1001. It now contains 4 bits
12/06/2022 18:41:50 Peer 1003 sent a HAVE message to Peer 1004
12/06/2022 18:41:50 Peer 1003 Peer has downloaded the bit 4 from peer 1001. It now contains 5 bits
12/06/2022 18:41:50 Peer 1003 sent a HAVE message to Peer 1004
12/06/2022 18:41:51 Peer 1003 Peer has downloaded the bit 5 from peer 1001. It now contains 6 bits
12/06/2022 18:41:51 Peer 1003 sent a HAVE message to Peer 1004
12/06/2022 18:41:51 Peer 1003 Peer has downloaded the bit 6 from peer 1001. It now contains 7 bits
12/06/2022 18:41:51 Peer 1003 sent a HAVE message to Peer 1004
12/06/2022 18:41:52 Peer 1003 Peer has downloaded the bit 7 from peer 1001. It now contains 8 bits
12/06/2022 18:41:52 Peer 1003 sent a HAVE message to Peer 1004
12/06/2022 18:41:52 Peer 1003 Peer has downloaded the bit 8 from peer 1001. It now contains 9 bits
12/06/2022 18:41:52 Peer 1003 sent a HAVE message to Peer 1004
12/06/2022 18:41:53 Peer 1003 got CHOKED by Peer 1001
12/06/2022 18:41:53 Peer 1003 sent a REQUEST message to Peer 1002
12/06/2022 18:41:53 Peer 1003 sent a INTERESTED message to Peer 1002
12/06/2022 18:41:53 Peer 1003 got HAVE message from Peer 1002
12/06/2022 18:41:53 Peer 1003 sent a REQUEST message to Peer 1002
12/06/2022 18:41:53 Peer 1003 sent a INTERESTED message to Peer 1002
12/06/2022 18:41:54 Peer 1003 got a REQUEST message to Peer 1004
12/06/2022 18:41:54 Peer 1003 got INTERESTED message from Peer 1004
12/06/2022 18:41:54 Peer 1003 sent a CHOKE message to Peer 1004
12/06/2022 18:41:54 Peer 1003 has the optimistically unchoked neighbor 1004
12/06/2022 18:41:54 Peer 1003 is sending UNCHOKE message to Peer 1004
12/06/2022 18:41:54 Peer 1003 is sending HAVE message to Peer 1004
12/06/2022 18:41:54 Peer 1003 got a REQUEST message to Peer 1004
12/06/2022 18:41:54 Peer 1003 got INTERESTED message from Peer 1004
12/06/2022 18:41:54 Peer 1003 sent a UNCHOKE message to Peer 1004
12/06/2022 18:41:57 Peer 1003 sent a REQUEST message to Peer 1001
12/06/2022 18:41:57 Peer 1003 sent a INTERESTED message to Peer 1001
12/06/2022 18:41:57 Peer 1003 got HAVE message from Peer 1001
12/06/2022 18:41:57 Peer 1003 sent a REQUEST message to Peer 1001
12/06/2022 18:41:57 Peer 1003 sent a INTERESTED message to Peer 1001
12/06/2022 18:41:58 Peer 1003 got CHOKED by Peer 1001
12/06/2022 18:41:58 Peer 1003 got CHOKED by Peer 1002
12/06/2022 18:42:00 Peer 1003 is sending bit 0 to Peer 1004
12/06/2022 18:42:00 Peer 1003 is sending bit 1 to Peer 1004
12/06/2022 18:42:01 Peer 1003 is sending bit 2 to Peer 1004
12/06/2022 18:42:01 Peer 1003 is sending bit 3 to Peer 1004
12/06/2022 18:42:02 Peer 1003 is sending bit 4 to Peer 1004
12/06/2022 18:42:02 Peer 1003 is sending bit 5 to Peer 1004
12/06/2022 18:42:02 Peer 1003 sent a REQUEST message to Peer 1001
12/06/2022 18:42:02 Peer 1003 sent a INTERESTED message to Peer 1001
12/06/2022 18:42:02 Peer 1003 got HAVE message from Peer 1001
12/06/2022 18:42:02 Peer 1003 sent a REQUEST message to Peer 1001
12/06/2022 18:42:02 Peer 1003 sent a INTERESTED message to Peer 1001
12/06/2022 18:42:03 Peer 1003 is sending bit 6 to Peer 1004
12/06/2022 18:42:03 Peer 1003 got CHOKED by Peer 1001
12/06/2022 18:42:03 Peer 1003 sent a REQUEST message to Peer 1002
12/06/2022 18:42:03 Peer 1003 sent a INTERESTED message to Peer 1002
12/06/2022 18:42:03 Peer 1003 got HAVE message from Peer 1002
12/06/2022 18:42:03 Peer 1003 sent a REQUEST message to Peer 1002
12/06/2022 18:42:03 Peer 1003 sent a INTERESTED message to Peer 1002
12/06/2022 18:42:04 Peer 1003 got CHOKED by Peer 1002
12/06/2022 18:42:07 Peer 1003 sent a REQUEST message to Peer 1001
12/06/2022 18:42:07 Peer 1003 sent a INTERESTED message to Peer 1001
12/06/2022 18:42:07 Peer 1003 got HAVE message from Peer 1001
12/06/2022 18:42:07 Peer 1003 sent a REQUEST message to Peer 1001
12/06/2022 18:42:07 Peer 1003 sent a INTERESTED message to Peer 1001
12/06/2022 18:42:08 Peer 1003 got CHOKED by Peer 1001
12/06/2022 18:42:08 Peer 1003 sent a REQUEST message to Peer 1002
12/06/2022 18:42:08 Peer 1003 sent a INTERESTED message to Peer 1002
12/06/2022 18:42:08 Peer 1003 got HAVE message from Peer 1002
12/06/2022 18:42:08 Peer 1003 sent a REQUEST message to Peer 1002
12/06/2022 18:42:08 Peer 1003 sent a INTERESTED message to Peer 1002
12/06/2022 18:42:08 Peer 1003 got CHOKED by Peer 1002
12/06/2022 18:42:13 Peer 1003 got UNCHOKED by Peer 1002
12/06/2022 18:42:13 Peer 1003 is sending bit 7 to Peer 1004
12/06/2022 18:42:13 Peer 1003 sent a CHOKE message to Peer 1004
12/06/2022 18:42:13 Peer 1003 sent a REQUEST message to Peer 1001
12/06/2022 18:42:13 Peer 1003 sent a INTERESTED message to Peer 1001
12/06/2022 18:42:13 Peer 1003 got HAVE message from Peer 1001
12/06/2022 18:42:13 Peer 1003 sent a REQUEST message to Peer 1001
12/06/2022 18:42:13 Peer 1003 sent a INTERESTED message to Peer 1001
12/06/2022 18:42:14 Peer 1003 got CHOKED by Peer 1001
12/06/2022 18:42:14 Peer 1003 has the optimistically unchoked neighbor 1004
12/06/2022 18:42:14 Peer 1003 is sending UNCHOKE message to Peer 1004
12/06/2022 18:42:14 Peer 1003 is sending HAVE message to Peer 1004
12/06/2022 18:42:14 Peer 1003 got NOT INTERESTED message from Peer 1004
12/06/2022 18:42:17 Peer 1003 sent a REQUEST message to Peer 1001
12/06/2022 18:42:17 Peer 1003 sent a INTERESTED message to Peer 1001
12/06/2022 18:42:17 Peer 1003 got HAVE message from Peer 1001
12/06/2022 18:42:17 Peer 1003 sent a REQUEST message to Peer 1001
12/06/2022 18:42:17 Peer 1003 sent a INTERESTED message to Peer 1001
12/06/2022 18:42:18 Peer 1003 got CHOKED by Peer 1001
12/06/2022 18:42:19 Peer 1003 got CHOKED by Peer 1002
12/06/2022 18:42:23 Peer 1003 sent a REQUEST message to Peer 1001
12/06/2022 18:42:23 Peer 1003 sent a INTERESTED message to Peer 1001
12/06/2022 18:42:23 Peer 1003 got HAVE message from Peer 1001
12/06/2022 18:42:23 Peer 1003 sent a REQUEST message to Peer 1001
12/06/2022 18:42:23 Peer 1003 sent a INTERESTED message to Peer 1001
12/06/2022 18:42:23 Peer 1003 sent a REQUEST message to Peer 1002
12/06/2022 18:42:23 Peer 1003 sent a INTERESTED message to Peer 1002
12/06/2022 18:42:23 Peer 1003 got HAVE message from Peer 1002
12/06/2022 18:42:23 Peer 1003 sent a REQUEST message to Peer 1002
12/06/2022 18:42:23 Peer 1003 sent a INTERESTED message to Peer 1002
12/06/2022 18:42:23 Peer 1003 got CHOKED by Peer 1001
12/06/2022 18:42:24 Peer 1003 got CHOKED by Peer 1002
12/06/2022 18:42:28 Peer 1003 sent a REQUEST message to Peer 1001
12/06/2022 18:42:28 Peer 1003 sent a INTERESTED message to Peer 1001
12/06/2022 18:42:28 Peer 1003 got HAVE message from Peer 1001
12/06/2022 18:42:28 Peer 1003 sent a REQUEST message to Peer 1001
12/06/2022 18:42:28 Peer 1003 sent a INTERESTED message to Peer 1001
12/06/2022 18:42:28 Peer 1003 sent a REQUEST message to Peer 1002
12/06/2022 18:42:28 Peer 1003 sent a INTERESTED message to Peer 1002
12/06/2022 18:42:28 Peer 1003 got HAVE message from Peer 1002
12/06/2022 18:42:28 Peer 1003 sent a REQUEST message to Peer 1002
12/06/2022 18:42:28 Peer 1003 sent a INTERESTED message to Peer 1002
12/06/2022 18:42:28 Peer 1003 got CHOKED by Peer 1001
12/06/2022 18:42:29 Peer 1003 got CHOKED by Peer 1002
12/06/2022 18:42:34 Peer 1003 got UNCHOKED by Peer 1002
12/06/2022 18:42:34 Peer 1003 sent a REQUEST message to Peer 1001
12/06/2022 18:42:34 Peer 1003 sent a INTERESTED message to Peer 1001
12/06/2022 18:42:34 Peer 1003 got HAVE message from Peer 1001
12/06/2022 18:42:34 Peer 1003 sent a REQUEST message to Peer 1001
12/06/2022 18:42:34 Peer 1003 sent a INTERESTED message to Peer 1001
12/06/2022 18:42:34 Peer 1003 got CHOKED by Peer 1001
12/06/2022 18:42:38 Peer 1003 sent a REQUEST message to Peer 1001
12/06/2022 18:42:38 Peer 1003 sent a INTERESTED message to Peer 1001
12/06/2022 18:42:38 Peer 1003 got HAVE message from Peer 1001
12/06/2022 18:42:38 Peer 1003 sent a REQUEST message to Peer 1001
12/06/2022 18:42:38 Peer 1003 sent a INTERESTED message to Peer 1001
12/06/2022 18:42:38 Peer 1003 got CHOKED by Peer 1001
12/06/2022 18:42:38 Peer 1003 Peer has downloaded the bit 9 from peer 1002. It now contains 10 bits
12/06/2022 18:42:38 Peer 1003 sent a HAVE message to Peer 1004
12/06/2022 18:42:39 Peer 1003 got HAVE message from Peer 1002
12/06/2022 18:42:39 Peer 1003 sent a REQUEST message to Peer 1002
12/06/2022 18:42:39 Peer 1003 sent a INTERESTED message to Peer 1002
12/06/2022 18:42:39 Peer 1003 got NOT INTERESTED message from Peer 1004
12/06/2022 18:42:39 Peer 1003 got CHOKED by Peer 1002
12/06/2022 18:42:43 Peer 1003 sent a REQUEST message to Peer 1001
12/06/2022 18:42:43 Peer 1003 sent a INTERESTED message to Peer 1001
12/06/2022 18:42:43 Peer 1003 got HAVE message from Peer 1001
12/06/2022 18:42:43 Peer 1003 sent a REQUEST message to Peer 1001
12/06/2022 18:42:43 Peer 1003 sent a INTERESTED message to Peer 1001
12/06/2022 18:42:43 Peer 1003 got CHOKED by Peer 1001
12/06/2022 18:42:43 Peer 1003 sent a REQUEST message to Peer 1002
12/06/2022 18:42:43 Peer 1003 sent a INTERESTED message to Peer 1002
12/06/2022 18:42:43 Peer 1003 got HAVE message from Peer 1002
12/06/2022 18:42:43 Peer 1003 sent a REQUEST message to Peer 1002
12/06/2022 18:42:43 Peer 1003 sent a INTERESTED message to Peer 1002
12/06/2022 18:42:44 Peer 1003 got CHOKED by Peer 1002
12/06/2022 18:42:48 Peer 1003 sent a REQUEST message to Peer 1001
12/06/2022 18:42:48 Peer 1003 sent a INTERESTED message to Peer 1001
12/06/2022 18:42:48 Peer 1003 got HAVE message from Peer 1001
12/06/2022 18:42:48 Peer 1003 sent a REQUEST message to Peer 1001
12/06/2022 18:42:48 Peer 1003 sent a INTERESTED message to Peer 1001
12/06/2022 18:42:48 Peer 1003 sent a REQUEST message to Peer 1002
12/06/2022 18:42:48 Peer 1003 sent a INTERESTED message to Peer 1002
12/06/2022 18:42:48 Peer 1003 got HAVE message from Peer 1002
12/06/2022 18:42:48 Peer 1003 sent a REQUEST message to Peer 1002
12/06/2022 18:42:48 Peer 1003 sent a INTERESTED message to Peer 1002
12/06/2022 18:42:48 Peer 1003 got CHOKED by Peer 1001
12/06/2022 18:42:49 Peer 1003 got CHOKED by Peer 1002
12/06/2022 18:42:54 Peer 1003 got UNCHOKED by Peer 1002
12/06/2022 18:42:54 Peer 1003 sent a REQUEST message to Peer 1001
12/06/2022 18:42:54 Peer 1003 sent a INTERESTED message to Peer 1001
12/06/2022 18:42:54 Peer 1003 got HAVE message from Peer 1001
12/06/2022 18:42:54 Peer 1003 sent a REQUEST message to Peer 1001
12/06/2022 18:42:54 Peer 1003 sent a INTERESTED message to Peer 1001
12/06/2022 18:42:54 Peer 1003 got CHOKED by Peer 1001
12/06/2022 18:42:58 Peer 1003 sent a REQUEST message to Peer 1001
12/06/2022 18:42:58 Peer 1003 sent a INTERESTED message to Peer 1001
12/06/2022 18:42:58 Peer 1003 got HAVE message from Peer 1001
12/06/2022 18:42:58 Peer 1003 sent a REQUEST message to Peer 1001
12/06/2022 18:42:58 Peer 1003 sent a INTERESTED message to Peer 1001
12/06/2022 18:42:58 Peer 1003 got CHOKED by Peer 1001
12/06/2022 18:42:58 Peer 1003 got HAVE message from Peer 1002
12/06/2022 18:42:58 Peer 1003 sent a REQUEST message to Peer 1002
12/06/2022 18:42:58 Peer 1003 sent a INTERESTED message to Peer 1002
12/06/2022 18:42:58 Peer 1003 got HAVE message from Peer 1002
12/06/2022 18:42:58 Peer 1003 sent a REQUEST message to Peer 1002
12/06/2022 18:42:58 Peer 1003 sent a INTERESTED message to Peer 1002
12/06/2022 18:42:58 Peer 1003 got HAVE message from Peer 1002
12/06/2022 18:42:58 Peer 1003 sent a REQUEST message to Peer 1002
12/06/2022 18:42:58 Peer 1003 sent a INTERESTED message to Peer 1002
12/06/2022 18:42:58 Peer 1003 got HAVE message from Peer 1002
12/06/2022 18:42:58 Peer 1003 sent a REQUEST message to Peer 1002
12/06/2022 18:42:58 Peer 1003 sent a INTERESTED message to Peer 1002
12/06/2022 18:42:59 Peer 1003 got CHOKED by Peer 1002
12/06/2022 18:43:03 Peer 1003 sent a REQUEST message to Peer 1001
12/06/2022 18:43:03 Peer 1003 sent a INTERESTED message to Peer 1001
12/06/2022 18:43:03 Peer 1003 got HAVE message from Peer 1001
12/06/2022 18:43:03 Peer 1003 sent a REQUEST message to Peer 1001
12/06/2022 18:43:03 Peer 1003 sent a INTERESTED message to Peer 1001
12/06/2022 18:43:03 Peer 1003 got CHOKED by Peer 1001
12/06/2022 18:43:03 Peer 1003 sent a REQUEST message to Peer 1002
12/06/2022 18:43:03 Peer 1003 sent a INTERESTED message to Peer 1002
12/06/2022 18:43:03 Peer 1003 got HAVE message from Peer 1002
12/06/2022 18:43:03 Peer 1003 sent a REQUEST message to Peer 1002
12/06/2022 18:43:03 Peer 1003 sent a INTERESTED message to Peer 1002
12/06/2022 18:43:04 Peer 1003 got CHOKED by Peer 1002
12/06/2022 18:43:04 Peer 1003java.lang.ArrayIndexOutOfBoundsException: Index 3 out of bounds for length 1
12/06/2022 18:43:04 Peer 1003java.lang.ArrayIndexOutOfBoundsException: Index 3 out of bounds for length 1
12/06/2022 18:43:04 Peer java.lang.ArrayIndexOutOfBoundsException: Index 3 out of bounds for length 1
12/06/2022 18:43:07 Peer 1003 sent a REQUEST message to Peer 1001
12/06/2022 18:43:07 Peer 1003 sent a INTERESTED message to Peer 1001
12/06/2022 18:43:07 Peer 1003 got HAVE message from Peer 1001
12/06/2022 18:43:07 Peer 1003 sent a REQUEST message to Peer 1001
12/06/2022 18:43:07 Peer 1003 sent a INTERESTED message to Peer 1001
12/06/2022 18:43:08 Peer 1003 got CHOKED by Peer 1001
12/06/2022 18:43:08 Peer 1003 sent a REQUEST message to Peer 1002
12/06/2022 18:43:08 Peer 1003 sent a INTERESTED message to Peer 1002
12/06/2022 18:43:08 Peer 1003 got HAVE message from Peer 1002
12/06/2022 18:43:08 Peer 1003 sent a REQUEST message to Peer 1002
12/06/2022 18:43:08 Peer 1003 sent a INTERESTED message to Peer 1002
12/06/2022 18:43:09 Peer 1003 got CHOKED by Peer 1002
12/06/2022 18:43:09 Peer 1003java.lang.ArrayIndexOutOfBoundsException: Index 3 out of bounds for length 1
12/06/2022 18:43:09 Peer java.lang.ArrayIndexOutOfBoundsException: Index 3 out of bounds for length 1
12/06/2022 18:43:14 Peer 1003 got UNCHOKED by Peer 1002
12/06/2022 18:43:14 Peer 1003 sent a REQUEST message to Peer 1001
12/06/2022 18:43:14 Peer 1003 sent a INTERESTED message to Peer 1001
12/06/2022 18:43:14 Peer 1003 got HAVE message from Peer 1001
12/06/2022 18:43:14 Peer 1003 sent a REQUEST message to Peer 1001
12/06/2022 18:43:14 Peer 1003 sent a INTERESTED message to Peer 1001
12/06/2022 18:43:14 Peer 1003java.lang.ArrayIndexOutOfBoundsException: Index 3 out of bounds for length 1
12/06/2022 18:43:14 Peer 1003java.lang.ArrayIndexOutOfBoundsException: Index 3 out of bounds for length 1
12/06/2022 18:43:14 Peer java.lang.ArrayIndexOutOfBoundsException: Index 3 out of bounds for length 1
12/06/2022 18:43:14 Peer 1003 got CHOKED by Peer 1001
12/06/2022 18:43:19 Peer 1003java.lang.ArrayIndexOutOfBoundsException: Index 3 out of bounds for length 1
12/06/2022 18:43:19 Peer java.lang.ArrayIndexOutOfBoundsException: Index 3 out of bounds for length 1
12/06/2022 18:43:19 Peer 1003 got UNCHOKED by Peer 1001
12/06/2022 18:43:19 Peer 1003 Peer has downloaded the bit 10 from peer 1002. It now contains 11 bits
12/06/2022 18:43:19 Peer 1003java.lang.ArrayIndexOutOfBoundsException: Index 3 out of bounds for length 1
12/06/2022 18:43:19 Peer 1003 sent a HAVE message to Peer 1004
12/06/2022 18:43:20 Peer 1001 This bit already exists
12/06/2022 18:43:20 Peer 1003java.lang.ArrayIndexOutOfBoundsException: Index 3 out of bounds for length 1
12/06/2022 18:43:20 Peer 1003 sent a HAVE message to Peer 1004
12/06/2022 18:43:20 Peer 1003 got CHOKED by Peer 1002
12/06/2022 18:43:20 Peer 1003 Peer has downloaded the bit 11 from peer 1001. It now contains 12 bits
12/06/2022 18:43:20 Peer 1003java.lang.ArrayIndexOutOfBoundsException: Index 3 out of bounds for length 1
12/06/2022 18:43:20 Peer 1003 sent a HAVE message to Peer 1004
12/06/2022 18:43:21 Peer 1003 Peer has downloaded the bit 12 from peer 1001. It now contains 13 bits
12/06/2022 18:43:21 Peer 1003java.lang.ArrayIndexOutOfBoundsException: Index 3 out of bounds for length 1
12/06/2022 18:43:21 Peer 1003 sent a HAVE message to Peer 1004
12/06/2022 18:43:21 Peer 1003 Peer has downloaded the bit 13 from peer 1001. It now contains 14 bits
12/06/2022 18:43:21 Peer 1003java.lang.ArrayIndexOutOfBoundsException: Index 3 out of bounds for length 1
12/06/2022 18:43:21 Peer 1003 sent a HAVE message to Peer 1004
12/06/2022 18:43:22 Peer 1003 Peer has downloaded the bit 14 from peer 1001. It now contains 15 bits
12/06/2022 18:43:22 Peer 1003java.lang.ArrayIndexOutOfBoundsException: Index 3 out of bounds for length 1
12/06/2022 18:43:22 Peer 1003 sent a HAVE message to Peer 1004
12/06/2022 18:43:22 Peer 1003 Peer has downloaded the bit 15 from peer 1001. It now contains 16 bits
12/06/2022 18:43:22 Peer 1003java.lang.ArrayIndexOutOfBoundsException: Index 3 out of bounds for length 1
12/06/2022 18:43:22 Peer 1003 sent a HAVE message to Peer 1004
12/06/2022 18:43:23 Peer 1003 got CHOKED by Peer 1001
12/06/2022 18:43:23 Peer 1003 sent a REQUEST message to Peer 1002
12/06/2022 18:43:23 Peer 1003 sent a INTERESTED message to Peer 1002
12/06/2022 18:43:23 Peer 1003 got HAVE message from Peer 1002
12/06/2022 18:43:23 Peer 1003 sent a REQUEST message to Peer 1002
12/06/2022 18:43:23 Peer 1003 sent a INTERESTED message to Peer 1002
12/06/2022 18:43:24 Peer 1003 got CHOKED by Peer 1002
12/06/2022 18:43:24 Peer 1003 got NOT INTERESTED message from Peer 1004
12/06/2022 18:43:24 Peer 1003java.lang.ArrayIndexOutOfBoundsException: Index 3 out of bounds for length 1
12/06/2022 18:43:24 Peer 1003java.lang.ArrayIndexOutOfBoundsException: Index 3 out of bounds for length 1
12/06/2022 18:43:24 Peer java.lang.ArrayIndexOutOfBoundsException: Index 3 out of bounds for length 1
12/06/2022 18:43:27 Peer 1003 sent a REQUEST message to Peer 1001
12/06/2022 18:43:27 Peer 1003 sent a INTERESTED message to Peer 1001
12/06/2022 18:43:27 Peer 1003 got HAVE message from Peer 1001
12/06/2022 18:43:27 Peer 1003 sent a REQUEST message to Peer 1001
12/06/2022 18:43:27 Peer 1003 sent a INTERESTED message to Peer 1001
12/06/2022 18:43:28 Peer 1003 got CHOKED by Peer 1001
12/06/2022 18:43:28 Peer 1003 sent a REQUEST message to Peer 1002
12/06/2022 18:43:28 Peer 1003 sent a INTERESTED message to Peer 1002
12/06/2022 18:43:28 Peer 1003 got HAVE message from Peer 1002
12/06/2022 18:43:28 Peer 1003 sent a REQUEST message to Peer 1002
12/06/2022 18:43:28 Peer 1003 sent a INTERESTED message to Peer 1002
12/06/2022 18:43:28 Peer 1003 got CHOKED by Peer 1002
12/06/2022 18:43:29 Peer 1003java.lang.ArrayIndexOutOfBoundsException: Index 3 out of bounds for length 1
12/06/2022 18:43:29 Peer java.lang.ArrayIndexOutOfBoundsException: Index 3 out of bounds for length 1
12/06/2022 18:43:33 Peer 1003 got UNCHOKED by Peer 1002
12/06/2022 18:43:33 Peer 1003 sent a REQUEST message to Peer 1001
12/06/2022 18:43:33 Peer 1003 sent a INTERESTED message to Peer 1001
12/06/2022 18:43:33 Peer 1003 got HAVE message from Peer 1001
12/06/2022 18:43:33 Peer 1003 sent a REQUEST message to Peer 1001
12/06/2022 18:43:33 Peer 1003 sent a INTERESTED message to Peer 1001
12/06/2022 18:43:34 Peer 1003 got CHOKED by Peer 1001
12/06/2022 18:43:34 Peer 1003java.lang.ArrayIndexOutOfBoundsException: Index 3 out of bounds for length 1
12/06/2022 18:43:34 Peer 1003java.lang.ArrayIndexOutOfBoundsException: Index 3 out of bounds for length 1
12/06/2022 18:43:34 Peer java.lang.ArrayIndexOutOfBoundsException: Index 3 out of bounds for length 1
12/06/2022 18:43:39 Peer 1003 got UNCHOKED by Peer 1001
12/06/2022 18:43:39 Peer 1003 Peer has downloaded the bit 16 from peer 1002. It now contains 17 bits
12/06/2022 18:43:39 Peer 1003java.lang.ArrayIndexOutOfBoundsException: Index 3 out of bounds for length 1
12/06/2022 18:43:39 Peer 1003 sent a HAVE message to Peer 1004
12/06/2022 18:43:39 Peer 1003java.lang.ArrayIndexOutOfBoundsException: Index 3 out of bounds for length 1
12/06/2022 18:43:39 Peer java.lang.ArrayIndexOutOfBoundsException: Index 3 out of bounds for length 1
12/06/2022 18:43:39 Peer 1001 This bit already exists
12/06/2022 18:43:39 Peer 1003java.lang.ArrayIndexOutOfBoundsException: Index 3 out of bounds for length 1
12/06/2022 18:43:39 Peer 1003 sent a HAVE message to Peer 1004
12/06/2022 18:43:39 Peer 1003 got CHOKED by Peer 1002
12/06/2022 18:43:40 Peer 1003 Peer has downloaded the bit 17 from peer 1001. It now contains 18 bits
12/06/2022 18:43:40 Peer 1003java.lang.ArrayIndexOutOfBoundsException: Index 3 out of bounds for length 1
12/06/2022 18:43:40 Peer 1003 sent a HAVE message to Peer 1004
12/06/2022 18:43:40 Peer 1003 Peer has downloaded the bit 18 from peer 1001. It now contains 19 bits
12/06/2022 18:43:41 Peer 1003java.lang.ArrayIndexOutOfBoundsException: Index 3 out of bounds for length 1
12/06/2022 18:43:41 Peer 1003 sent a HAVE message to Peer 1004
12/06/2022 18:43:41 Peer 1003 Peer has downloaded the bit 19 from peer 1001. It now contains 20 bits
12/06/2022 18:43:41 Peer 1003java.lang.ArrayIndexOutOfBoundsException: Index 3 out of bounds for length 1
12/06/2022 18:43:41 Peer 1003 sent a HAVE message to Peer 1004
12/06/2022 18:43:42 Peer 1003 Peer has downloaded the bit 20 from peer 1001. It now contains 21 bits
12/06/2022 18:43:42 Peer 1003java.lang.ArrayIndexOutOfBoundsException: Index 3 out of bounds for length 1
12/06/2022 18:43:42 Peer 1003 sent a HAVE message to Peer 1004
12/06/2022 18:43:42 Peer 1003 Peer has downloaded the bit 21 from peer 1001. It now contains 22 bits
12/06/2022 18:43:42 Peer 1003java.lang.ArrayIndexOutOfBoundsException: Index 3 out of bounds for length 1
12/06/2022 18:43:42 Peer 1003 sent a HAVE message to Peer 1004
12/06/2022 18:43:43 Peer 1003 Peer has downloaded the bit 22 from peer 1001. It now contains 23 bits
12/06/2022 18:43:43 Peer 1003java.lang.ArrayIndexOutOfBoundsException: Index 3 out of bounds for length 1
12/06/2022 18:43:43 Peer 1003 sent a HAVE message to Peer 1004
12/06/2022 18:43:43 Peer 1003 got CHOKED by Peer 1001
12/06/2022 18:43:43 Peer 1003 sent a REQUEST message to Peer 1002
12/06/2022 18:43:43 Peer 1003 sent a INTERESTED message to Peer 1002
12/06/2022 18:43:43 Peer 1003 got HAVE message from Peer 1002
12/06/2022 18:43:43 Peer 1003 sent a REQUEST message to Peer 1002
12/06/2022 18:43:43 Peer 1003 sent a INTERESTED message to Peer 1002
12/06/2022 18:43:44 Peer 1003 got CHOKED by Peer 1002
12/06/2022 18:43:44 Peer 1003java.lang.ArrayIndexOutOfBoundsException: Index 3 out of bounds for length 1
12/06/2022 18:43:44 Peer 1003 got NOT INTERESTED message from Peer 1004
12/06/2022 18:43:44 Peer 1003java.lang.ArrayIndexOutOfBoundsException: Index 3 out of bounds for length 1
12/06/2022 18:43:44 Peer java.lang.ArrayIndexOutOfBoundsException: Index 3 out of bounds for length 1
12/06/2022 18:43:48 Peer 1003 sent a REQUEST message to Peer 1001
12/06/2022 18:43:48 Peer 1003 sent a INTERESTED message to Peer 1001
12/06/2022 18:43:48 Peer 1003 got HAVE message from Peer 1001
12/06/2022 18:43:48 Peer 1003 sent a REQUEST message to Peer 1001
12/06/2022 18:43:48 Peer 1003 sent a INTERESTED message to Peer 1001
12/06/2022 18:43:48 Peer 1003 got CHOKED by Peer 1001
12/06/2022 18:43:48 Peer 1003 sent a REQUEST message to Peer 1002
12/06/2022 18:43:48 Peer 1003 sent a INTERESTED message to Peer 1002
12/06/2022 18:43:48 Peer 1003 got HAVE message from Peer 1002
12/06/2022 18:43:48 Peer 1003 sent a REQUEST message to Peer 1002
12/06/2022 18:43:48 Peer 1003 sent a INTERESTED message to Peer 1002
12/06/2022 18:43:49 Peer 1003 got CHOKED by Peer 1002
12/06/2022 18:43:49 Peer 1003java.lang.ArrayIndexOutOfBoundsException: Index 3 out of bounds for length 1
12/06/2022 18:43:49 Peer java.lang.ArrayIndexOutOfBoundsException: Index 3 out of bounds for length 1
12/06/2022 18:43:54 Peer 1003 got UNCHOKED by Peer 1002
12/06/2022 18:43:54 Peer 1003 sent a REQUEST message to Peer 1001
12/06/2022 18:43:54 Peer 1003 sent a INTERESTED message to Peer 1001
12/06/2022 18:43:54 Peer 1003 got HAVE message from Peer 1001
12/06/2022 18:43:54 Peer 1003 sent a REQUEST message to Peer 1001
12/06/2022 18:43:54 Peer 1003 sent a INTERESTED message to Peer 1001
12/06/2022 18:43:54 Peer 1003java.lang.ArrayIndexOutOfBoundsException: Index 3 out of bounds for length 1
12/06/2022 18:43:54 Peer 1003java.lang.ArrayIndexOutOfBoundsException: Index 3 out of bounds for length 1
12/06/2022 18:43:54 Peer 1003 got CHOKED by Peer 1001
12/06/2022 18:43:54 Peer java.lang.ArrayIndexOutOfBoundsException: Index 3 out of bounds for length 1
12/06/2022 18:43:59 Peer 1003java.lang.ArrayIndexOutOfBoundsException: Index 3 out of bounds for length 1
12/06/2022 18:43:59 Peer 1003 got UNCHOKED by Peer 1001
12/06/2022 18:43:59 Peer 1003 Peer has downloaded the bit 23 from peer 1002. It now contains 24 bits
12/06/2022 18:43:59 Peer 1003java.lang.ArrayIndexOutOfBoundsException: Index 3 out of bounds for length 1
12/06/2022 18:43:59 Peer 1003 sent a HAVE message to Peer 1004
12/06/2022 18:43:59 Peer java.lang.ArrayIndexOutOfBoundsException: Index 3 out of bounds for length 1
12/06/2022 18:44:00 Peer 1001 This bit already exists
12/06/2022 18:44:00 Peer 1003java.lang.ArrayIndexOutOfBoundsException: Index 3 out of bounds for length 1
12/06/2022 18:44:00 Peer 1003 sent a HAVE message to Peer 1004
12/06/2022 18:44:00 Peer 1003 got CHOKED by Peer 1002
12/06/2022 18:44:00 Peer 1003 Peer has downloaded the bit 24 from peer 1001. It now contains 25 bits
12/06/2022 18:44:00 Peer 1003java.lang.ArrayIndexOutOfBoundsException: Index 3 out of bounds for length 1
12/06/2022 18:44:00 Peer 1003 sent a HAVE message to Peer 1004
12/06/2022 18:44:01 Peer 1003 Peer has downloaded the bit 25 from peer 1001. It now contains 26 bits
12/06/2022 18:44:01 Peer 1003java.lang.ArrayIndexOutOfBoundsException: Index 3 out of bounds for length 1
12/06/2022 18:44:01 Peer 1003 sent a HAVE message to Peer 1004
12/06/2022 18:44:01 Peer 1003 Peer has downloaded the bit 26 from peer 1001. It now contains 27 bits
12/06/2022 18:44:01 Peer 1003java.lang.ArrayIndexOutOfBoundsException: Index 3 out of bounds for length 1
12/06/2022 18:44:01 Peer 1003 sent a HAVE message to Peer 1004
12/06/2022 18:44:02 Peer 1003 Peer has downloaded the bit 27 from peer 1001. It now contains 28 bits
12/06/2022 18:44:02 Peer 1003java.lang.ArrayIndexOutOfBoundsException: Index 3 out of bounds for length 1
12/06/2022 18:44:02 Peer 1003 sent a HAVE message to Peer 1004
12/06/2022 18:44:02 Peer 1003 Peer has downloaded the bit 28 from peer 1001. It now contains 29 bits
12/06/2022 18:44:02 Peer 1003java.lang.ArrayIndexOutOfBoundsException: Index 3 out of bounds for length 1
12/06/2022 18:44:02 Peer 1003 sent a HAVE message to Peer 1004
12/06/2022 18:44:03 Peer 1003 got HAVE message from Peer 1001
12/06/2022 18:44:03 Peer 1003 sent a REQUEST message to Peer 1001
12/06/2022 18:44:03 Peer 1003 sent a INTERESTED message to Peer 1001
12/06/2022 18:44:03 Peer 1003 got HAVE message from Peer 1001
12/06/2022 18:44:03 Peer 1003 sent a REQUEST message to Peer 1001
12/06/2022 18:44:03 Peer 1003 sent a INTERESTED message to Peer 1001
12/06/2022 18:44:03 Peer 1003 got HAVE message from Peer 1001
12/06/2022 18:44:03 Peer 1003 sent a REQUEST message to Peer 1001
12/06/2022 18:44:03 Peer 1003 sent a INTERESTED message to Peer 1001
12/06/2022 18:44:03 Peer 1003 got HAVE message from Peer 1001
12/06/2022 18:44:03 Peer 1003 sent a REQUEST message to Peer 1001
12/06/2022 18:44:03 Peer 1003 sent a INTERESTED message to Peer 1001
12/06/2022 18:44:03 Peer 1003 got CHOKED by Peer 1001
12/06/2022 18:44:03 Peer 1003 sent a REQUEST message to Peer 1002
12/06/2022 18:44:03 Peer 1003 sent a INTERESTED message to Peer 1002
12/06/2022 18:44:03 Peer 1003 got HAVE message from Peer 1002
12/06/2022 18:44:03 Peer 1003 sent a REQUEST message to Peer 1002
12/06/2022 18:44:03 Peer 1003 sent a INTERESTED message to Peer 1002
12/06/2022 18:44:04 Peer 1003 got CHOKED by Peer 1002
12/06/2022 18:44:04 Peer 1003 got NOT INTERESTED message from Peer 1004
12/06/2022 18:44:04 Peer 1003java.lang.ArrayIndexOutOfBoundsException: Index 3 out of bounds for length 1
12/06/2022 18:44:04 Peer 1003java.lang.ArrayIndexOutOfBoundsException: Index 3 out of bounds for length 1
12/06/2022 18:44:04 Peer java.lang.ArrayIndexOutOfBoundsException: Index 3 out of bounds for length 1
12/06/2022 18:44:08 Peer 1003 sent a REQUEST message to Peer 1001
12/06/2022 18:44:08 Peer 1003 sent a INTERESTED message to Peer 1001
12/06/2022 18:44:08 Peer 1003 got HAVE message from Peer 1001
12/06/2022 18:44:08 Peer 1003 sent a REQUEST message to Peer 1001
12/06/2022 18:44:08 Peer 1003 sent a INTERESTED message to Peer 1001
12/06/2022 18:44:08 Peer 1003 got CHOKED by Peer 1001
12/06/2022 18:44:08 Peer 1003 sent a REQUEST message to Peer 1002
12/06/2022 18:44:08 Peer 1003 sent a INTERESTED message to Peer 1002
12/06/2022 18:44:08 Peer 1003 got HAVE message from Peer 1002
12/06/2022 18:44:08 Peer 1003 sent a REQUEST message to Peer 1002
12/06/2022 18:44:08 Peer 1003 sent a INTERESTED message to Peer 1002
12/06/2022 18:44:09 Peer 1003 got CHOKED by Peer 1002
12/06/2022 18:44:09 Peer 1003java.lang.ArrayIndexOutOfBoundsException: Index 3 out of bounds for length 1
12/06/2022 18:44:09 Peer java.lang.ArrayIndexOutOfBoundsException: Index 3 out of bounds for length 1
12/06/2022 18:44:14 Peer 1003 got UNCHOKED by Peer 1002
12/06/2022 18:44:14 Peer 1003 sent a REQUEST message to Peer 1001
12/06/2022 18:44:14 Peer 1003 sent a INTERESTED message to Peer 1001
12/06/2022 18:44:14 Peer 1003 got HAVE message from Peer 1001
12/06/2022 18:44:14 Peer 1003 sent a REQUEST message to Peer 1001
12/06/2022 18:44:14 Peer 1003 sent a INTERESTED message to Peer 1001
12/06/2022 18:44:14 Peer 1003java.lang.ArrayIndexOutOfBoundsException: Index 3 out of bounds for length 1
12/06/2022 18:44:14 Peer 1003java.lang.ArrayIndexOutOfBoundsException: Index 3 out of bounds for length 1
12/06/2022 18:44:14 Peer java.lang.ArrayIndexOutOfBoundsException: Index 3 out of bounds for length 1
12/06/2022 18:44:14 Peer 1003 got CHOKED by Peer 1001
12/06/2022 18:44:19 Peer 1003java.lang.ArrayIndexOutOfBoundsException: Index 3 out of bounds for length 1
12/06/2022 18:44:19 Peer java.lang.ArrayIndexOutOfBoundsException: Index 3 out of bounds for length 1
12/06/2022 18:44:19 Peer 1003 got UNCHOKED by Peer 1001
12/06/2022 18:44:19 Peer 1003 Peer has downloaded the bit 29 from peer 1002. It now contains 30 bits
12/06/2022 18:44:19 Peer 1003java.lang.ArrayIndexOutOfBoundsException: Index 3 out of bounds for length 1
12/06/2022 18:44:19 Peer 1003 sent a HAVE message to Peer 1004
12/06/2022 18:44:20 Peer 1001 This bit already exists
12/06/2022 18:44:20 Peer 1003java.lang.ArrayIndexOutOfBoundsException: Index 3 out of bounds for length 1
12/06/2022 18:44:20 Peer 1003 sent a HAVE message to Peer 1004
12/06/2022 18:44:20 Peer 1003 got CHOKED by Peer 1002
12/06/2022 18:44:20 Peer 1003 Peer has downloaded the bit 30 from peer 1001. It now contains 31 bits
12/06/2022 18:44:20 Peer 1003java.lang.ArrayIndexOutOfBoundsException: Index 3 out of bounds for length 1
12/06/2022 18:44:20 Peer 1003 sent a HAVE message to Peer 1004
12/06/2022 18:44:21 Peer 1003 Peer has downloaded the bit 31 from peer 1001. It now contains 32 bits
12/06/2022 18:44:21 Peer 1003java.lang.ArrayIndexOutOfBoundsException: Index 3 out of bounds for length 1
12/06/2022 18:44:21 Peer 1003 sent a HAVE message to Peer 1004
12/06/2022 18:44:21 Peer 1003 Peer has downloaded the bit 32 from peer 1001. It now contains 33 bits
12/06/2022 18:44:21 Peer 1003java.lang.ArrayIndexOutOfBoundsException: Index 3 out of bounds for length 1
12/06/2022 18:44:21 Peer 1003 sent a HAVE message to Peer 1004
12/06/2022 18:44:22 Peer 1003 Peer has downloaded the bit 33 from peer 1001. It now contains 34 bits
12/06/2022 18:44:22 Peer 1003java.lang.ArrayIndexOutOfBoundsException: Index 3 out of bounds for length 1
12/06/2022 18:44:22 Peer 1003 sent a HAVE message to Peer 1004
12/06/2022 18:44:22 Peer 1003 Peer has downloaded the bit 34 from peer 1001. It now contains 35 bits
12/06/2022 18:44:22 Peer 1003java.lang.ArrayIndexOutOfBoundsException: Index 3 out of bounds for length 1
12/06/2022 18:44:22 Peer 1003 sent a HAVE message to Peer 1004
12/06/2022 18:44:23 Peer 1003 got CHOKED by Peer 1001
12/06/2022 18:44:23 Peer 1003 sent a REQUEST message to Peer 1002
12/06/2022 18:44:23 Peer 1003 sent a INTERESTED message to Peer 1002
12/06/2022 18:44:23 Peer 1003 got HAVE message from Peer 1002
12/06/2022 18:44:23 Peer 1003 sent a REQUEST message to Peer 1002
12/06/2022 18:44:23 Peer 1003 sent a INTERESTED message to Peer 1002
12/06/2022 18:44:24 Peer 1003 got NOT INTERESTED message from Peer 1004
12/06/2022 18:44:24 Peer 1003 got CHOKED by Peer 1002
12/06/2022 18:44:24 Peer 1003java.lang.ArrayIndexOutOfBoundsException: Index 3 out of bounds for length 1
12/06/2022 18:44:24 Peer 1003java.lang.ArrayIndexOutOfBoundsException: Index 3 out of bounds for length 1
12/06/2022 18:44:24 Peer java.lang.ArrayIndexOutOfBoundsException: Index 3 out of bounds for length 1
12/06/2022 18:44:28 Peer 1003 sent a REQUEST message to Peer 1001
12/06/2022 18:44:28 Peer 1003 sent a INTERESTED message to Peer 1001
12/06/2022 18:44:28 Peer 1003 got HAVE message from Peer 1001
12/06/2022 18:44:28 Peer 1003 sent a REQUEST message to Peer 1001
12/06/2022 18:44:28 Peer 1003 sent a INTERESTED message to Peer 1001
12/06/2022 18:44:28 Peer 1003 sent a REQUEST message to Peer 1002
12/06/2022 18:44:28 Peer 1003 sent a INTERESTED message to Peer 1002
12/06/2022 18:44:28 Peer 1003 got HAVE message from Peer 1002
12/06/2022 18:44:28 Peer 1003 sent a REQUEST message to Peer 1002
12/06/2022 18:44:28 Peer 1003 sent a INTERESTED message to Peer 1002
12/06/2022 18:44:28 Peer 1003 got CHOKED by Peer 1001
12/06/2022 18:44:29 Peer 1003 got CHOKED by Peer 1002
12/06/2022 18:44:29 Peer 1003java.lang.ArrayIndexOutOfBoundsException: Index 3 out of bounds for length 1
12/06/2022 18:44:29 Peer java.lang.ArrayIndexOutOfBoundsException: Index 3 out of bounds for length 1
12/06/2022 18:44:34 Peer 1003 got UNCHOKED by Peer 1002
12/06/2022 18:44:34 Peer 1003 sent a REQUEST message to Peer 1001
12/06/2022 18:44:34 Peer 1003 sent a INTERESTED message to Peer 1001
12/06/2022 18:44:34 Peer 1003 got HAVE message from Peer 1001
12/06/2022 18:44:34 Peer 1003 sent a REQUEST message to Peer 1001
12/06/2022 18:44:34 Peer 1003 sent a INTERESTED message to Peer 1001
12/06/2022 18:44:34 Peer 1003java.lang.ArrayIndexOutOfBoundsException: Index 3 out of bounds for length 1
12/06/2022 18:44:34 Peer 1003java.lang.ArrayIndexOutOfBoundsException: Index 3 out of bounds for length 1
12/06/2022 18:44:34 Peer java.lang.ArrayIndexOutOfBoundsException: Index 3 out of bounds for length 1
12/06/2022 18:44:34 Peer 1003 got CHOKED by Peer 1001
12/06/2022 18:44:39 Peer 1003java.lang.ArrayIndexOutOfBoundsException: Index 3 out of bounds for length 1
12/06/2022 18:44:39 Peer java.lang.ArrayIndexOutOfBoundsException: Index 3 out of bounds for length 1
12/06/2022 18:44:39 Peer 1003 got UNCHOKED by Peer 1001
12/06/2022 18:44:39 Peer 1003 Peer has downloaded the bit 35 from peer 1002. It now contains 36 bits
12/06/2022 18:44:39 Peer 1003java.lang.ArrayIndexOutOfBoundsException: Index 3 out of bounds for length 1
12/06/2022 18:44:39 Peer 1003 sent a HAVE message to Peer 1004
12/06/2022 18:44:40 Peer 1003 got CHOKED by Peer 1002
12/06/2022 18:44:40 Peer 1001 This bit already exists
12/06/2022 18:44:40 Peer 1003java.lang.ArrayIndexOutOfBoundsException: Index 3 out of bounds for length 1
12/06/2022 18:44:40 Peer 1003 sent a HAVE message to Peer 1004
12/06/2022 18:44:40 Peer 1003 Peer has downloaded the bit 36 from peer 1001. It now contains 37 bits
12/06/2022 18:44:40 Peer 1003java.lang.ArrayIndexOutOfBoundsException: Index 3 out of bounds for length 1
12/06/2022 18:44:40 Peer 1003 sent a HAVE message to Peer 1004
12/06/2022 18:44:41 Peer 1003 Peer has downloaded the bit 37 from peer 1001. It now contains 38 bits
12/06/2022 18:44:41 Peer 1003java.lang.ArrayIndexOutOfBoundsException: Index 3 out of bounds for length 1
12/06/2022 18:44:41 Peer 1003 sent a HAVE message to Peer 1004
12/06/2022 18:44:41 Peer 1003 Peer has downloaded the bit 38 from peer 1001. It now contains 39 bits
12/06/2022 18:44:41 Peer 1003java.lang.ArrayIndexOutOfBoundsException: Index 3 out of bounds for length 1
12/06/2022 18:44:41 Peer 1003 sent a HAVE message to Peer 1004
12/06/2022 18:44:42 Peer 1003 Peer has downloaded the bit 39 from peer 1001. It now contains 40 bits
12/06/2022 18:44:42 Peer 1003java.lang.ArrayIndexOutOfBoundsException: Index 3 out of bounds for length 1
12/06/2022 18:44:42 Peer 1003 sent a HAVE message to Peer 1004
12/06/2022 18:44:42 Peer 1003 Peer has downloaded the bit 40 from peer 1001. It now contains 41 bits
12/06/2022 18:44:42 Peer 1003java.lang.ArrayIndexOutOfBoundsException: Index 3 out of bounds for length 1
12/06/2022 18:44:42 Peer 1003 sent a HAVE message to Peer 1004
12/06/2022 18:44:43 Peer 1003 got CHOKED by Peer 1001
12/06/2022 18:44:43 Peer 1003 sent a REQUEST message to Peer 1002
12/06/2022 18:44:43 Peer 1003 sent a INTERESTED message to Peer 1002
12/06/2022 18:44:43 Peer 1003 got HAVE message from Peer 1002
12/06/2022 18:44:43 Peer 1003 sent a REQUEST message to Peer 1002
12/06/2022 18:44:43 Peer 1003 sent a INTERESTED message to Peer 1002
12/06/2022 18:44:44 Peer 1003 got CHOKED by Peer 1002
12/06/2022 18:44:44 Peer 1003 got NOT INTERESTED message from Peer 1004
12/06/2022 18:44:44 Peer 1003java.lang.ArrayIndexOutOfBoundsException: Index 3 out of bounds for length 1
12/06/2022 18:44:44 Peer 1003java.lang.ArrayIndexOutOfBoundsException: Index 3 out of bounds for length 1
12/06/2022 18:44:44 Peer java.lang.ArrayIndexOutOfBoundsException: Index 3 out of bounds for length 1
12/06/2022 18:44:48 Peer 1003 sent a REQUEST message to Peer 1001
12/06/2022 18:44:48 Peer 1003 sent a INTERESTED message to Peer 1001
12/06/2022 18:44:48 Peer 1003 got HAVE message from Peer 1001
12/06/2022 18:44:48 Peer 1003 sent a REQUEST message to Peer 1001
12/06/2022 18:44:48 Peer 1003 sent a INTERESTED message to Peer 1001
12/06/2022 18:44:48 Peer 1003 sent a REQUEST message to Peer 1002
12/06/2022 18:44:48 Peer 1003 sent a INTERESTED message to Peer 1002
12/06/2022 18:44:48 Peer 1003 got HAVE message from Peer 1002
12/06/2022 18:44:48 Peer 1003 sent a REQUEST message to Peer 1002
12/06/2022 18:44:48 Peer 1003 sent a INTERESTED message to Peer 1002
12/06/2022 18:44:48 Peer 1003 got CHOKED by Peer 1001
12/06/2022 18:44:49 Peer 1003 got CHOKED by Peer 1002
12/06/2022 18:44:49 Peer 1003java.lang.ArrayIndexOutOfBoundsException: Index 3 out of bounds for length 1
12/06/2022 18:44:49 Peer java.lang.ArrayIndexOutOfBoundsException: Index 3 out of bounds for length 1
12/06/2022 18:44:54 Peer 1003 got UNCHOKED by Peer 1002
12/06/2022 18:44:54 Peer 1003 sent a REQUEST message to Peer 1001
12/06/2022 18:44:54 Peer 1003 sent a INTERESTED message to Peer 1001
12/06/2022 18:44:54 Peer 1003 got HAVE message from Peer 1001
12/06/2022 18:44:54 Peer 1003 sent a REQUEST message to Peer 1001
12/06/2022 18:44:54 Peer 1003 sent a INTERESTED message to Peer 1001
12/06/2022 18:44:54 Peer 1003java.lang.ArrayIndexOutOfBoundsException: Index 3 out of bounds for length 1
12/06/2022 18:44:54 Peer 1003java.lang.ArrayIndexOutOfBoundsException: Index 3 out of bounds for length 1
12/06/2022 18:44:54 Peer java.lang.ArrayIndexOutOfBoundsException: Index 3 out of bounds for length 1
12/06/2022 18:44:54 Peer 1003 Peer has downloaded the bit 41 from peer 1002. It now contains 42 bits
12/06/2022 18:44:54 Peer 1003java.lang.ArrayIndexOutOfBoundsException: Index 3 out of bounds for length 1
12/06/2022 18:44:54 Peer 1003 sent a HAVE message to Peer 1004
12/06/2022 18:44:54 Peer 1003 got CHOKED by Peer 1001
12/06/2022 18:44:59 Peer 1003java.lang.ArrayIndexOutOfBoundsException: Index 3 out of bounds for length 1
12/06/2022 18:44:59 Peer java.lang.ArrayIndexOutOfBoundsException: Index 3 out of bounds for length 1
12/06/2022 18:44:59 Peer 1003 got UNCHOKED by Peer 1001
12/06/2022 18:44:59 Peer 1003 Peer has downloaded the bit 42 from peer 1002. It now contains 43 bits
12/06/2022 18:44:59 Peer 1003java.lang.ArrayIndexOutOfBoundsException: Index 3 out of bounds for length 1
12/06/2022 18:44:59 Peer 1003 sent a HAVE message to Peer 1004
12/06/2022 18:44:59 Peer 1003 got NOT INTERESTED message from Peer 1004
12/06/2022 18:45:00 Peer 1003 got CHOKED by Peer 1002
12/06/2022 18:45:00 Peer 1001 This bit already exists
12/06/2022 18:45:00 Peer 1003java.lang.ArrayIndexOutOfBoundsException: Index 3 out of bounds for length 1
12/06/2022 18:45:00 Peer 1003 sent a HAVE message to Peer 1004
12/06/2022 18:45:00 Peer 1003 Peer has downloaded the bit 43 from peer 1001. It now contains 44 bits
12/06/2022 18:45:00 Peer 1003java.lang.ArrayIndexOutOfBoundsException: Index 3 out of bounds for length 1
12/06/2022 18:45:00 Peer 1003 sent a HAVE message to Peer 1004
12/06/2022 18:45:01 Peer 1003 Peer has downloaded the bit 44 from peer 1001. It now contains 45 bits
12/06/2022 18:45:01 Peer 1003java.lang.ArrayIndexOutOfBoundsException: Index 3 out of bounds for length 1
12/06/2022 18:45:01 Peer 1003 sent a HAVE message to Peer 1004
12/06/2022 18:45:01 Peer 1003 Peer has downloaded the bit 45 from peer 1001. It now contains 46 bits
12/06/2022 18:45:01 Peer 1003java.lang.ArrayIndexOutOfBoundsException: Index 3 out of bounds for length 1
12/06/2022 18:45:01 Peer 1003 sent a HAVE message to Peer 1004
12/06/2022 18:45:02 Peer 1003 Peer has downloaded the bit 46 from peer 1001. It now contains 47 bits
12/06/2022 18:45:02 Peer 1003java.lang.ArrayIndexOutOfBoundsException: Index 3 out of bounds for length 1
12/06/2022 18:45:02 Peer 1003 sent a HAVE message to Peer 1004
12/06/2022 18:45:02 Peer 1003 got CHOKED by Peer 1001
12/06/2022 18:45:03 Peer 1003 sent a REQUEST message to Peer 1001
12/06/2022 18:45:03 Peer 1003 sent a INTERESTED message to Peer 1001
12/06/2022 18:45:03 Peer 1003 got HAVE message from Peer 1001
12/06/2022 18:45:03 Peer 1003 sent a REQUEST message to Peer 1001
12/06/2022 18:45:03 Peer 1003 sent a INTERESTED message to Peer 1001
12/06/2022 18:45:03 Peer 1003 sent a REQUEST message to Peer 1002
12/06/2022 18:45:03 Peer 1003 sent a INTERESTED message to Peer 1002
12/06/2022 18:45:03 Peer 1003 got HAVE message from Peer 1002
12/06/2022 18:45:03 Peer 1003 sent a REQUEST message to Peer 1002
12/06/2022 18:45:03 Peer 1003 sent a INTERESTED message to Peer 1002
12/06/2022 18:45:03 Peer 1003 got CHOKED by Peer 1001
12/06/2022 18:45:04 Peer 1003 got CHOKED by Peer 1002
12/06/2022 18:45:04 Peer 1003 got NOT INTERESTED message from Peer 1004
12/06/2022 18:45:04 Peer 1003java.lang.ArrayIndexOutOfBoundsException: Index 3 out of bounds for length 1
12/06/2022 18:45:04 Peer 1003java.lang.ArrayIndexOutOfBoundsException: Index 3 out of bounds for length 1
12/06/2022 18:45:04 Peer java.lang.ArrayIndexOutOfBoundsException: Index 3 out of bounds for length 1
12/06/2022 18:45:07 Peer 1003 sent a REQUEST message to Peer 1001
12/06/2022 18:45:07 Peer 1003 sent a INTERESTED message to Peer 1001
12/06/2022 18:45:07 Peer 1003 got HAVE message from Peer 1001
12/06/2022 18:45:07 Peer 1003 sent a REQUEST message to Peer 1001
12/06/2022 18:45:07 Peer 1003 sent a INTERESTED message to Peer 1001
12/06/2022 18:45:08 Peer 1003 got CHOKED by Peer 1001
12/06/2022 18:45:08 Peer 1003 sent a REQUEST message to Peer 1002
12/06/2022 18:45:08 Peer 1003 sent a INTERESTED message to Peer 1002
12/06/2022 18:45:08 Peer 1003 got HAVE message from Peer 1002
12/06/2022 18:45:08 Peer 1003 sent a REQUEST message to Peer 1002
12/06/2022 18:45:08 Peer 1003 sent a INTERESTED message to Peer 1002
12/06/2022 18:45:08 Peer 1003 got CHOKED by Peer 1002
12/06/2022 18:45:09 Peer 1003java.lang.ArrayIndexOutOfBoundsException: Index 3 out of bounds for length 1
12/06/2022 18:45:09 Peer java.lang.ArrayIndexOutOfBoundsException: Index 3 out of bounds for length 1
12/06/2022 18:45:13 Peer 1003 got UNCHOKED by Peer 1002
12/06/2022 18:45:13 Peer 1003 sent a REQUEST message to Peer 1001
12/06/2022 18:45:13 Peer 1003 sent a INTERESTED message to Peer 1001
12/06/2022 18:45:13 Peer 1003 got HAVE message from Peer 1001
12/06/2022 18:45:13 Peer 1003 sent a REQUEST message to Peer 1001
12/06/2022 18:45:13 Peer 1003 sent a INTERESTED message to Peer 1001
12/06/2022 18:45:14 Peer 1003 Peer has downloaded the bit 47 from peer 1002. It now contains 48 bits
12/06/2022 18:45:14 Peer 1003java.lang.ArrayIndexOutOfBoundsException: Index 3 out of bounds for length 1
12/06/2022 18:45:14 Peer 1003 sent a HAVE message to Peer 1004
12/06/2022 18:45:14 Peer 1003 got CHOKED by Peer 1001
12/06/2022 18:45:14 Peer 1003java.lang.ArrayIndexOutOfBoundsException: Index 3 out of bounds for length 1
12/06/2022 18:45:14 Peer 1003java.lang.ArrayIndexOutOfBoundsException: Index 3 out of bounds for length 1
12/06/2022 18:45:14 Peer java.lang.ArrayIndexOutOfBoundsException: Index 3 out of bounds for length 1
12/06/2022 18:45:19 Peer 1003 got UNCHOKED by Peer 1001
12/06/2022 18:45:19 Peer 1003 Peer has downloaded the bit 48 from peer 1002. It now contains 49 bits
12/06/2022 18:45:19 Peer 1003java.lang.ArrayIndexOutOfBoundsException: Index 3 out of bounds for length 1
12/06/2022 18:45:19 Peer 1003 sent a HAVE message to Peer 1004
12/06/2022 18:45:19 Peer 1003 got NOT INTERESTED message from Peer 1004
12/06/2022 18:45:19 Peer 1003java.lang.ArrayIndexOutOfBoundsException: Index 3 out of bounds for length 1
12/06/2022 18:45:19 Peer java.lang.ArrayIndexOutOfBoundsException: Index 3 out of bounds for length 1
12/06/2022 18:45:20 Peer 1001 This bit already exists
12/06/2022 18:45:20 Peer 1003java.lang.ArrayIndexOutOfBoundsException: Index 3 out of bounds for length 1
12/06/2022 18:45:20 Peer 1003 sent a HAVE message to Peer 1004
12/06/2022 18:45:20 Peer 1003 got CHOKED by Peer 1002
12/06/2022 18:45:20 Peer 1003 got NOT INTERESTED message from Peer 1004
12/06/2022 18:45:20 Peer 1003 Peer has downloaded the bit 49 from peer 1001. It now contains 50 bits
12/06/2022 18:45:20 Peer 1003java.lang.ArrayIndexOutOfBoundsException: Index 3 out of bounds for length 1
12/06/2022 18:45:20 Peer 1003 sent a HAVE message to Peer 1004
12/06/2022 18:45:20 Peer 1003 got NOT INTERESTED message from Peer 1004
12/06/2022 18:45:21 Peer 1003 Peer has downloaded the bit 50 from peer 1001. It now contains 51 bits
12/06/2022 18:45:21 Peer 1003java.lang.ArrayIndexOutOfBoundsException: Index 3 out of bounds for length 1
12/06/2022 18:45:21 Peer 1003 sent a HAVE message to Peer 1004
12/06/2022 18:45:21 Peer 1003 got NOT INTERESTED message from Peer 1004
12/06/2022 18:45:21 Peer 1003 Peer has downloaded the bit 51 from peer 1001. It now contains 52 bits
12/06/2022 18:45:21 Peer 1003java.lang.ArrayIndexOutOfBoundsException: Index 3 out of bounds for length 1
12/06/2022 18:45:21 Peer 1003 sent a HAVE message to Peer 1004
12/06/2022 18:45:21 Peer 1003 got NOT INTERESTED message from Peer 1004
12/06/2022 18:45:22 Peer 1003 Peer has downloaded the bit 52 from peer 1001. It now contains 53 bits
12/06/2022 18:45:22 Peer 1003java.lang.ArrayIndexOutOfBoundsException: Index 3 out of bounds for length 1
12/06/2022 18:45:22 Peer 1003 sent a HAVE message to Peer 1004
12/06/2022 18:45:22 Peer 1003 got NOT INTERESTED message from Peer 1004
12/06/2022 18:45:22 Peer 1003 Peer has downloaded the bit 53 from peer 1001. It now contains 54 bits
12/06/2022 18:45:22 Peer 1003java.lang.ArrayIndexOutOfBoundsException: Index 3 out of bounds for length 1
12/06/2022 18:45:22 Peer 1003 sent a HAVE message to Peer 1004
12/06/2022 18:45:22 Peer 1003 got NOT INTERESTED message from Peer 1004
12/06/2022 18:45:23 Peer 1003 Peer has downloaded the bit 54 from peer 1001. It now contains 55 bits
12/06/2022 18:45:23 Peer 1003java.lang.ArrayIndexOutOfBoundsException: Index 3 out of bounds for length 1
12/06/2022 18:45:23 Peer 1003 sent a HAVE message to Peer 1004
12/06/2022 18:45:23 Peer 1003 got NOT INTERESTED message from Peer 1004
12/06/2022 18:45:23 Peer 1003 got CHOKED by Peer 1001
12/06/2022 18:45:24 Peer 1003 sent a REQUEST message to Peer 1002
12/06/2022 18:45:24 Peer 1003 sent a INTERESTED message to Peer 1002
12/06/2022 18:45:24 Peer 1003 got HAVE message from Peer 1002
12/06/2022 18:45:24 Peer 1003 sent a REQUEST message to Peer 1002
12/06/2022 18:45:24 Peer 1003 sent a INTERESTED message to Peer 1002
12/06/2022 18:45:24 Peer 1003java.lang.ArrayIndexOutOfBoundsException: Index 3 out of bounds for length 1
12/06/2022 18:45:24 Peer 1003 got CHOKED by Peer 1002
12/06/2022 18:45:24 Peer 1003java.lang.ArrayIndexOutOfBoundsException: Index 3 out of bounds for length 1
12/06/2022 18:45:24 Peer java.lang.ArrayIndexOutOfBoundsException: Index 3 out of bounds for length 1
12/06/2022 18:45:28 Peer 1003 sent a REQUEST message to Peer 1001
12/06/2022 18:45:28 Peer 1003 sent a INTERESTED message to Peer 1001
12/06/2022 18:45:28 Peer 1003 got HAVE message from Peer 1001
12/06/2022 18:45:28 Peer 1003 sent a REQUEST message to Peer 1001
12/06/2022 18:45:28 Peer 1003 sent a INTERESTED message to Peer 1001
12/06/2022 18:45:28 Peer 1003 got CHOKED by Peer 1001
12/06/2022 18:45:28 Peer 1003 sent a REQUEST message to Peer 1002
12/06/2022 18:45:28 Peer 1003 sent a INTERESTED message to Peer 1002
12/06/2022 18:45:28 Peer 1003 got HAVE message from Peer 1002
12/06/2022 18:45:28 Peer 1003 sent a REQUEST message to Peer 1002
12/06/2022 18:45:28 Peer 1003 sent a INTERESTED message to Peer 1002
12/06/2022 18:45:29 Peer 1003 got CHOKED by Peer 1002
12/06/2022 18:45:29 Peer 1003java.lang.ArrayIndexOutOfBoundsException: Index 3 out of bounds for length 1
12/06/2022 18:45:29 Peer java.lang.ArrayIndexOutOfBoundsException: Index 3 out of bounds for length 1
12/06/2022 18:45:34 Peer 1003 got UNCHOKED by Peer 1002
12/06/2022 18:45:34 Peer 1003 sent a REQUEST message to Peer 1001
12/06/2022 18:45:34 Peer 1003 sent a INTERESTED message to Peer 1001
12/06/2022 18:45:34 Peer 1003 got HAVE message from Peer 1001
12/06/2022 18:45:34 Peer 1003 sent a REQUEST message to Peer 1001
12/06/2022 18:45:34 Peer 1003 sent a INTERESTED message to Peer 1001
12/06/2022 18:45:34 Peer 1003java.lang.ArrayIndexOutOfBoundsException: Index 3 out of bounds for length 1
12/06/2022 18:45:34 Peer 1003 got CHOKED by Peer 1001
12/06/2022 18:45:34 Peer 1003java.lang.ArrayIndexOutOfBoundsException: Index 3 out of bounds for length 1
12/06/2022 18:45:34 Peer java.lang.ArrayIndexOutOfBoundsException: Index 3 out of bounds for length 1
12/06/2022 18:45:39 Peer 1003 got UNCHOKED by Peer 1001
12/06/2022 18:45:39 Peer 1003 Peer has downloaded the bit 55 from peer 1002. It now contains 56 bits
12/06/2022 18:45:39 Peer 1003java.lang.ArrayIndexOutOfBoundsException: Index 3 out of bounds for length 1
12/06/2022 18:45:39 Peer 1003 sent a HAVE message to Peer 1004
12/06/2022 18:45:39 Peer 1003java.lang.ArrayIndexOutOfBoundsException: Index 3 out of bounds for length 1
12/06/2022 18:45:39 Peer java.lang.ArrayIndexOutOfBoundsException: Index 3 out of bounds for length 1
12/06/2022 18:45:40 Peer 1003 got NOT INTERESTED message from Peer 1004
12/06/2022 18:45:40 Peer 1001 This bit already exists
12/06/2022 18:45:40 Peer 1003java.lang.ArrayIndexOutOfBoundsException: Index 3 out of bounds for length 1
12/06/2022 18:45:40 Peer 1003 sent a HAVE message to Peer 1004
12/06/2022 18:45:40 Peer 1003 got CHOKED by Peer 1002
12/06/2022 18:45:40 Peer 1003 got NOT INTERESTED message from Peer 1004
12/06/2022 18:45:40 Peer 1003 Peer has downloaded the bit 56 from peer 1001. It now contains 57 bits
12/06/2022 18:45:40 Peer 1003java.lang.ArrayIndexOutOfBoundsException: Index 3 out of bounds for length 1
12/06/2022 18:45:40 Peer 1003 sent a HAVE message to Peer 1004
12/06/2022 18:45:41 Peer 1003 got NOT INTERESTED message from Peer 1004
12/06/2022 18:45:41 Peer 1003 Peer has downloaded the bit 57 from peer 1001. It now contains 58 bits
12/06/2022 18:45:41 Peer 1003java.lang.ArrayIndexOutOfBoundsException: Index 3 out of bounds for length 1
12/06/2022 18:45:41 Peer 1003 sent a HAVE message to Peer 1004
12/06/2022 18:45:41 Peer 1003 got NOT INTERESTED message from Peer 1004
12/06/2022 18:45:41 Peer 1003 Peer has downloaded the bit 58 from peer 1001. It now contains 59 bits
12/06/2022 18:45:41 Peer 1003java.lang.ArrayIndexOutOfBoundsException: Index 3 out of bounds for length 1
12/06/2022 18:45:41 Peer 1003 sent a HAVE message to Peer 1004
12/06/2022 18:45:42 Peer 1003 got NOT INTERESTED message from Peer 1004
12/06/2022 18:45:42 Peer 1003 Peer has downloaded the bit 59 from peer 1001. It now contains 60 bits
12/06/2022 18:45:42 Peer 1003java.lang.ArrayIndexOutOfBoundsException: Index 3 out of bounds for length 1
12/06/2022 18:45:42 Peer 1003 sent a HAVE message to Peer 1004
12/06/2022 18:45:42 Peer 1003 got NOT INTERESTED message from Peer 1004
12/06/2022 18:45:42 Peer 1003 Peer has downloaded the bit 60 from peer 1001. It now contains 61 bits
12/06/2022 18:45:42 Peer 1003java.lang.ArrayIndexOutOfBoundsException: Index 3 out of bounds for length 1
12/06/2022 18:45:42 Peer 1003 sent a HAVE message to Peer 1004
12/06/2022 18:45:43 Peer 1003 got NOT INTERESTED message from Peer 1004
12/06/2022 18:45:43 Peer 1003 Peer has downloaded the bit 61 from peer 1001. It now contains 62 bits
12/06/2022 18:45:43 Peer 1003java.lang.ArrayIndexOutOfBoundsException: Index 3 out of bounds for length 1
12/06/2022 18:45:43 Peer 1003 sent a HAVE message to Peer 1004
12/06/2022 18:45:43 Peer 1003 got NOT INTERESTED message from Peer 1004
12/06/2022 18:45:43 Peer 1003 got CHOKED by Peer 1001
12/06/2022 18:45:43 Peer 1003 sent a REQUEST message to Peer 1002
12/06/2022 18:45:43 Peer 1003 sent a INTERESTED message to Peer 1002
12/06/2022 18:45:43 Peer 1003 got HAVE message from Peer 1002
12/06/2022 18:45:43 Peer 1003 sent a REQUEST message to Peer 1002
12/06/2022 18:45:43 Peer 1003 sent a INTERESTED message to Peer 1002
12/06/2022 18:45:44 Peer 1003 got CHOKED by Peer 1002
12/06/2022 18:45:44 Peer 1003java.lang.ArrayIndexOutOfBoundsException: Index 3 out of bounds for length 1
12/06/2022 18:45:44 Peer 1003java.lang.ArrayIndexOutOfBoundsException: Index 3 out of bounds for length 1
12/06/2022 18:45:44 Peer java.lang.ArrayIndexOutOfBoundsException: Index 3 out of bounds for length 1
12/06/2022 18:45:48 Peer 1003 sent a REQUEST message to Peer 1001
12/06/2022 18:45:48 Peer 1003 sent a INTERESTED message to Peer 1001
12/06/2022 18:45:48 Peer 1003 got HAVE message from Peer 1001
12/06/2022 18:45:48 Peer 1003 sent a REQUEST message to Peer 1001
12/06/2022 18:45:48 Peer 1003 sent a INTERESTED message to Peer 1001
12/06/2022 18:45:48 Peer 1003 got CHOKED by Peer 1001
12/06/2022 18:45:48 Peer 1003 sent a REQUEST message to Peer 1002
12/06/2022 18:45:48 Peer 1003 sent a INTERESTED message to Peer 1002
12/06/2022 18:45:48 Peer 1003 got HAVE message from Peer 1002
12/06/2022 18:45:48 Peer 1003 sent a REQUEST message to Peer 1002
12/06/2022 18:45:48 Peer 1003 sent a INTERESTED message to Peer 1002
12/06/2022 18:45:49 Peer 1003 got CHOKED by Peer 1002
12/06/2022 18:45:49 Peer 1003java.lang.ArrayIndexOutOfBoundsException: Index 3 out of bounds for length 1
12/06/2022 18:45:49 Peer java.lang.ArrayIndexOutOfBoundsException: Index 3 out of bounds for length 1
12/06/2022 18:45:54 Peer 1003 got UNCHOKED by Peer 1002
12/06/2022 18:45:54 Peer 1003 sent a REQUEST message to Peer 1001
12/06/2022 18:45:54 Peer 1003 sent a INTERESTED message to Peer 1001
12/06/2022 18:45:54 Peer 1003 got HAVE message from Peer 1001
12/06/2022 18:45:54 Peer 1003 sent a REQUEST message to Peer 1001
12/06/2022 18:45:54 Peer 1003 sent a INTERESTED message to Peer 1001
12/06/2022 18:45:54 Peer 1003java.lang.ArrayIndexOutOfBoundsException: Index 3 out of bounds for length 1
12/06/2022 18:45:54 Peer 1003java.lang.ArrayIndexOutOfBoundsException: Index 3 out of bounds for length 1
12/06/2022 18:45:54 Peer java.lang.ArrayIndexOutOfBoundsException: Index 3 out of bounds for length 1
12/06/2022 18:45:54 Peer 1003 got CHOKED by Peer 1001
12/06/2022 18:45:59 Peer 1003java.lang.ArrayIndexOutOfBoundsException: Index 3 out of bounds for length 1
12/06/2022 18:45:59 Peer java.lang.ArrayIndexOutOfBoundsException: Index 3 out of bounds for length 1
12/06/2022 18:45:59 Peer 1003 got UNCHOKED by Peer 1001
12/06/2022 18:45:59 Peer 1003 Peer has downloaded the bit 62 from peer 1002. It now contains 63 bits
12/06/2022 18:45:59 Peer 1003java.lang.ArrayIndexOutOfBoundsException: Index 3 out of bounds for length 1
12/06/2022 18:45:59 Peer 1003 sent a HAVE message to Peer 1004
12/06/2022 18:46:00 Peer 1003 got NOT INTERESTED message from Peer 1004
12/06/2022 18:46:00 Peer 1001 This bit already exists
12/06/2022 18:46:00 Peer 1003java.lang.ArrayIndexOutOfBoundsException: Index 3 out of bounds for length 1
12/06/2022 18:46:00 Peer 1003 sent a HAVE message to Peer 1004
12/06/2022 18:46:00 Peer 1003 got CHOKED by Peer 1002
12/06/2022 18:46:00 Peer 1003 got NOT INTERESTED message from Peer 1004
12/06/2022 18:46:00 Peer 1003 Peer has downloaded the bit 63 from peer 1001. It now contains 64 bits
12/06/2022 18:46:00 Peer 1003java.lang.ArrayIndexOutOfBoundsException: Index 3 out of bounds for length 1
12/06/2022 18:46:00 Peer 1003 sent a HAVE message to Peer 1004
12/06/2022 18:46:01 Peer 1003 got NOT INTERESTED message from Peer 1004
12/06/2022 18:46:01 Peer 1003 Peer has downloaded the bit 64 from peer 1001. It now contains 65 bits
12/06/2022 18:46:01 Peer 1003java.lang.ArrayIndexOutOfBoundsException: Index 3 out of bounds for length 1
12/06/2022 18:46:01 Peer 1003 sent a HAVE message to Peer 1004
12/06/2022 18:46:01 Peer 1003 got NOT INTERESTED message from Peer 1004
12/06/2022 18:46:01 Peer 1003 Peer has downloaded the bit 65 from peer 1001. It now contains 66 bits
12/06/2022 18:46:01 Peer 1003java.lang.ArrayIndexOutOfBoundsException: Index 3 out of bounds for length 1
12/06/2022 18:46:01 Peer 1003 sent a HAVE message to Peer 1004
12/06/2022 18:46:02 Peer 1003 got NOT INTERESTED message from Peer 1004
12/06/2022 18:46:02 Peer 1003 Peer has downloaded the bit 66 from peer 1001. It now contains 67 bits
12/06/2022 18:46:02 Peer 1003 has completed downloading the file!!!
12/06/2022 18:46:02 Peer 1003 is sending NOT INTERESTED MESSAGE
12/06/2022 18:46:02 Peer 1003java.lang.ArrayIndexOutOfBoundsException: Index 3 out of bounds for length 1
12/06/2022 18:46:02 Peer 1003 sent a HAVE message to Peer 1004
12/06/2022 18:46:02 Peer 1003 got NOT INTERESTED message from Peer 1004
12/06/2022 18:46:03 Peer 1003 sent a NOT INTERESTED message to Peer 1002
12/06/2022 18:46:03 Peer 1003 got HAVE message from Peer 1002
12/06/2022 18:46:03 Peer 1003 sent a NOT INTERESTED message to Peer 1002
12/06/2022 18:46:04 Peer 1003java.lang.ArrayIndexOutOfBoundsException: Index 3 out of bounds for length 1
12/06/2022 18:46:04 Peer 1003java.lang.ArrayIndexOutOfBoundsException: Index 3 out of bounds for length 1
12/06/2022 18:46:04 Peer java.lang.ArrayIndexOutOfBoundsException: Index 3 out of bounds for length 1
12/06/2022 18:46:09 Peer 1003java.lang.ArrayIndexOutOfBoundsException: Index 3 out of bounds for length 1
12/06/2022 18:46:09 Peer java.lang.ArrayIndexOutOfBoundsException: Index 3 out of bounds for length 1
12/06/2022 18:46:14 Peer 1003java.lang.ArrayIndexOutOfBoundsException: Index 3 out of bounds for length 1
12/06/2022 18:46:14 Peer 1003java.lang.ArrayIndexOutOfBoundsException: Index 3 out of bounds for length 1
12/06/2022 18:46:14 Peer java.lang.ArrayIndexOutOfBoundsException: Index 3 out of bounds for length 1
12/06/2022 18:46:19 Peer 1003java.lang.ArrayIndexOutOfBoundsException: Index 3 out of bounds for length 1
12/06/2022 18:46:19 Peer java.lang.ArrayIndexOutOfBoundsException: Index 3 out of bounds for length 1
12/06/2022 18:46:24 Peer 1003java.lang.ArrayIndexOutOfBoundsException: Index 3 out of bounds for length 1
12/06/2022 18:46:24 Peer 1003java.lang.ArrayIndexOutOfBoundsException: Index 3 out of bounds for length 1
12/06/2022 18:46:24 Peer java.lang.ArrayIndexOutOfBoundsException: Index 3 out of bounds for length 1
12/06/2022 18:46:29 Peer 1003java.lang.ArrayIndexOutOfBoundsException: Index 3 out of bounds for length 1
12/06/2022 18:46:29 Peer java.lang.ArrayIndexOutOfBoundsException: Index 3 out of bounds for length 1
12/06/2022 18:46:34 Peer 1003java.lang.ArrayIndexOutOfBoundsException: Index 3 out of bounds for length 1
12/06/2022 18:46:34 Peer 1003java.lang.ArrayIndexOutOfBoundsException: Index 3 out of bounds for length 1
12/06/2022 18:46:34 Peer java.lang.ArrayIndexOutOfBoundsException: Index 3 out of bounds for length 1
12/06/2022 18:46:39 Peer java.lang.ArrayIndexOutOfBoundsException: Index 3 out of bounds for length 1
12/06/2022 18:46:39 Peer 1003java.lang.ArrayIndexOutOfBoundsException: Index 3 out of bounds for length 1
12/06/2022 18:46:44 Peer 1003java.lang.ArrayIndexOutOfBoundsException: Index 3 out of bounds for length 1
12/06/2022 18:46:44 Peer 1003java.lang.ArrayIndexOutOfBoundsException: Index 3 out of bounds for length 1
12/06/2022 18:46:44 Peer java.lang.ArrayIndexOutOfBoundsException: Index 3 out of bounds for length 1
12/06/2022 18:46:49 Peer 1003java.lang.ArrayIndexOutOfBoundsException: Index 3 out of bounds for length 1
12/06/2022 18:46:49 Peer java.lang.ArrayIndexOutOfBoundsException: Index 3 out of bounds for length 1
12/06/2022 18:46:54 Peer 1003java.lang.ArrayIndexOutOfBoundsException: Index 3 out of bounds for length 1
12/06/2022 18:46:54 Peer 1003java.lang.ArrayIndexOutOfBoundsException: Index 3 out of bounds for length 1
12/06/2022 18:46:54 Peer java.lang.ArrayIndexOutOfBoundsException: Index 3 out of bounds for length 1
12/06/2022 18:46:59 Peer 1003java.lang.ArrayIndexOutOfBoundsException: Index 3 out of bounds for length 1
12/06/2022 18:46:59 Peer java.lang.ArrayIndexOutOfBoundsException: Index 3 out of bounds for length 1
12/06/2022 18:47:04 Peer 1003java.lang.ArrayIndexOutOfBoundsException: Index 3 out of bounds for length 1
12/06/2022 18:47:04 Peer 1003java.lang.ArrayIndexOutOfBoundsException: Index 3 out of bounds for length 1
12/06/2022 18:47:04 Peer java.lang.ArrayIndexOutOfBoundsException: Index 3 out of bounds for length 1
12/06/2022 18:47:09 Peer 1003java.lang.ArrayIndexOutOfBoundsException: Index 3 out of bounds for length 1
12/06/2022 18:47:09 Peer java.lang.ArrayIndexOutOfBoundsException: Index 3 out of bounds for length 1
12/06/2022 18:47:14 Peer 1003java.lang.ArrayIndexOutOfBoundsException: Index 3 out of bounds for length 1
12/06/2022 18:47:14 Peer 1003java.lang.ArrayIndexOutOfBoundsException: Index 3 out of bounds for length 1
12/06/2022 18:47:14 Peer java.lang.ArrayIndexOutOfBoundsException: Index 3 out of bounds for length 1
12/06/2022 18:47:19 Peer 1003java.lang.ArrayIndexOutOfBo